*****  Optimization step:   1 *****
Search direction vector after cartesian iteration (s_k):
    0.008022    0.024388    0.016671   -0.060898    0.032140    0.003657   -0.010933   -0.007992   -0.005183    0.012797
   -0.013007    0.004652   -0.001740   -0.003656    0.033290   -0.024076   -0.002095    0.004134    0.009695    0.016301
    0.024453    0.011387    0.001030    0.009182   -0.003884   -0.024248   -0.016096   -0.029162
New cartesian coordinates:
   -0.761109    0.034638    0.007803
    0.759685   -0.002775    0.043564
   -1.143083    0.671374    0.804539
   -1.158102    0.332386   -0.969143
   -1.127488   -0.979799    0.442112
    1.154813   -0.358794    0.986349
    1.139443    1.011958   -0.183441
    1.135842   -0.658989   -0.781783
New internal coordinates:
    1.5217    1.0891    1.0958    1.1627    1.0825    1.1070    1.1195    1.9259    1.9711    1.8595
    1.9751    1.8918    1.9102    1.9458    1.6974    2.0442    1.9336    1.9036    1.8451    1.0166
   -1.1354   -3.1397   -3.0756    1.0556   -0.9487   -0.8075   -2.9595    1.3193
New gradient (in internal coordinates):
   -5.597918  -14.720191  -10.062227   36.805617  -19.415319   -2.191495    6.600580    2.679783    0.403894   -2.949445
    3.039453   -1.049026    0.635902    0.294711   -6.247580    5.066267    0.151318   -1.282693   -1.808231   -2.982609
   -4.473819   -2.097598   -0.182994   -1.674205    0.702017    4.417356    2.926145    5.302366
Old energy:    10.992616 kcal/mol
New energy:     4.391214 kcal/mol
GRMS:    19.1191

*****  Optimization step:   2 *****
Search direction vector after cartesian iteration (s_k):
    0.005241    0.012004    0.008206   -0.030059    0.015848    0.001773   -0.005384   -0.009908   -0.008739    0.015806
   -0.016737    0.005583   -0.001716   -0.005418    0.046444   -0.031609   -0.003426    0.004494    0.013615    0.022128
    0.033732    0.015403    0.001003    0.012607   -0.005722   -0.034303   -0.022700   -0.041028
New cartesian coordinates:
   -0.763778    0.024291    0.018206
    0.762774   -0.002198    0.038460
   -1.135514    0.688264    0.814051
   -1.167061    0.317648   -0.966698
   -1.125988   -0.974037    0.412016
    1.159023   -0.359137    0.998596
    1.139175    1.016693   -0.184121
    1.131368   -0.661524   -0.780509
New internal coordinates:
    1.5269    1.1011    1.1040    1.1327    1.0983    1.1088    1.1141    1.9160    1.9624    1.8753
    1.9584    1.8974    1.9084    1.9404    1.7439    2.0126    1.9301    1.9081    1.8587    1.0388
   -1.1016   -3.1243   -3.0746    1.0682   -0.9545   -0.8418   -2.9822    1.2783
New gradient (in internal coordinates):
   -2.436270   -6.316310   -4.312457   15.765796   -8.312808   -0.946586    2.824056    1.802123    0.558069   -1.972534
    2.151807   -0.710646    0.384422    0.325584   -4.919491    3.659668    0.208194   -0.788705   -1.425882   -2.275834
   -3.469075   -1.584609   -0.109409   -1.302650    0.581816    3.533246    2.340005    4.224471
Old energy:     4.391214 kcal/mol
New energy:     1.971475 kcal/mol
GRMS:    10.9778

*****  Optimization step:   3 *****
Search direction vector after cartesian iteration (s_k):
    0.002860    0.006500    0.004434   -0.016222    0.008546    0.000973   -0.002900   -0.008391   -0.011047    0.014469
   -0.016366    0.005237   -0.001042   -0.006582    0.049350   -0.031912   -0.004353    0.003342    0.014569    0.022898
    0.035519    0.015723    0.000651    0.013272   -0.006524   -0.037503   -0.024882   -0.044678
New cartesian coordinates:
   -0.765052    0.016750    0.029599
    0.764620   -0.000614    0.034106
   -1.125633    0.705538    0.818476
   -1.170572    0.305680   -0.960659
   -1.127503   -0.977261    0.386008
    1.159234   -0.356426    1.005087
    1.138381    1.021494   -0.182949
    1.126525   -0.665161   -0.779669
New internal coordinates:
    1.5298    1.1076    1.1084    1.1164    1.1069    1.1097    1.1112    1.9076    1.9513    1.8898
    1.9420    1.9026    1.9074    1.9338    1.7932    1.9807    1.9258    1.9114    1.8733    1.0616
   -1.0661   -3.1086   -3.0740    1.0815   -0.9610   -0.8793   -3.0071    1.2336
New gradient (in internal coordinates):
   -0.724948   -1.771847   -1.208479    4.410994   -2.323607   -0.268578    0.785777    0.902327    0.615160   -1.094223
    1.306481   -0.416623    0.153785    0.353704   -3.445128    2.340175    0.238558   -0.360261   -1.005428   -1.541147
   -2.406756   -1.049479   -0.037702   -0.903310    0.453967    2.589712    1.724103    3.081380
Old energy:     1.971475 kcal/mol
New energy:     0.801608 kcal/mol
GRMS:     6.1681

*****  Optimization step:   4 *****
Search direction vector after cartesian iteration (s_k):
    0.001558    0.003443    0.002347   -0.008570    0.004512    0.000522   -0.001523   -0.005510   -0.013111    0.012343
   -0.015132    0.004720   -0.000143   -0.007878    0.049675   -0.031067   -0.005247    0.001868    0.014824    0.022423
    0.035553    0.015047    0.000057    0.013187   -0.007319   -0.039614   -0.026484   -0.046990
New cartesian coordinates:
   -0.765641    0.011142    0.041823
    0.765618    0.001268    0.030174
   -1.116560    0.722261    0.820013
   -1.170393    0.296078   -0.952528
   -1.130006   -0.984764    0.362454
    1.158202   -0.352114    1.007995
    1.137250    1.025922   -0.181124
    1.121529   -0.669793   -0.778807
New internal coordinates:
    1.5313    1.1110    1.1107    1.1079    1.1114    1.1103    1.1097    1.9021    1.9382    1.9021
    1.9269    1.9073    1.9073    1.9260    1.8429    1.9496    1.9205    1.9133    1.8881    1.0841
   -1.0306   -3.0935   -3.0739    1.0947   -0.9683   -0.9190   -3.0336    1.1866
New gradient (in internal coordinates):
    0.194533    0.631022    0.431412   -1.587654    0.840725    0.090497   -0.289902    0.091330    0.558274   -0.388562
    0.554789   -0.175420   -0.035144    0.345637   -1.918515    1.172199    0.229733   -0.026368   -0.572671   -0.813774
   -1.337068   -0.521109    0.037876   -0.485418    0.330540    1.621888    1.098593    1.914552
Old energy:     0.801608 kcal/mol
New energy:     0.188749 kcal/mol
GRMS:     3.1600

*****  Optimization step:   5 *****
Search direction vector after cartesian iteration (s_k):
    0.000585    0.001167    0.000796   -0.002876    0.001506    0.000187   -0.000499   -0.001061   -0.015305    0.009853
   -0.013281    0.004125    0.001092   -0.009544    0.048434   -0.029870   -0.006278    0.000024    0.014726    0.020983
    0.034449    0.013460   -0.001152    0.012313   -0.008676   -0.041938   -0.028473   -0.049462
New cartesian coordinates:
   -0.765715    0.007357    0.054965
    0.765936    0.003150    0.026536
   -1.110247    0.737795    0.819666
   -1.166893    0.289136   -0.942617
   -1.132939   -0.994958    0.340517
    1.157301   -0.346391    1.007932
    1.135993    1.029651   -0.179477
    1.116563   -0.675740   -0.777522
New internal coordinates:
    1.5319    1.1122    1.1115    1.1050    1.1129    1.1104    1.1092    1.9010    1.9229    1.9120
    1.9136    1.9114    1.9084    1.9164    1.8914    1.9198    1.9143    1.9133    1.9028    1.1051
   -0.9961   -3.0801   -3.0751    1.1070   -0.9770   -0.9609   -3.0621    1.1372
New gradient (in internal coordinates):
    0.526279    1.441448    0.982473   -3.600277    1.902407    0.213791   -0.649234   -0.506028    0.365327    0.092328
   -0.060348    0.008215   -0.156391    0.265223   -0.418469    0.181985    0.166699    0.186637   -0.146176   -0.109961
   -0.282618   -0.014647    0.122649   -0.050008    0.217962    0.640557    0.467900    0.735871
Old energy:     0.188749 kcal/mol
New energy:    -0.079723 kcal/mol
GRMS:     1.5669

*****  Optimization step:   6 *****
Search direction vector after cartesian iteration (s_k):
   -0.000346   -0.000873   -0.000591    0.002188   -0.001162   -0.000124    0.000402    0.004153   -0.007769    0.002371
   -0.003566    0.001227    0.001644   -0.005260    0.017813   -0.010966   -0.003372   -0.001590    0.005694    0.006325
    0.011910    0.003202   -0.002297    0.003289   -0.005420   -0.019239   -0.013654   -0.022362
New cartesian coordinates:
   -0.765425    0.007250    0.060944
    0.765728    0.003777    0.025223
   -1.110922    0.742854    0.818957
   -1.163231    0.288863   -0.937378
   -1.134398   -1.000798    0.332176
    1.157843   -0.342785    1.006059
    1.135617    1.030423   -0.179700
    1.114788   -0.679584   -0.776281
New internal coordinates:
    1.5316    1.1113    1.1109    1.1072    1.1117    1.1103    1.1096    1.9052    1.9152    1.9143
    1.9100    1.9127    1.9100    1.9111    1.9092    1.9088    1.9109    1.9117    1.9085    1.1114
   -0.9842   -3.0769   -3.0773    1.1103   -0.9824   -0.9801   -3.0757    1.1148
New gradient (in internal coordinates):
    0.315004    0.830445    0.564721   -2.067674    1.093936    0.124292   -0.372122   -0.450383    0.177866    0.156074
   -0.176457    0.047115   -0.127380    0.138930    0.085194   -0.107588    0.088366    0.163850    0.004809    0.159089
    0.130430    0.173853    0.160480    0.131821    0.175244    0.235866    0.207207    0.250630
Old energy:    -0.079723 kcal/mol
New energy:    -0.124398 kcal/mol
GRMS:     0.8824

*****  Optimization step:   7 *****
Search direction vector after cartesian iteration (s_k):
   -0.000419   -0.000959   -0.000648    0.002381   -0.001264   -0.000142    0.000431    0.004649   -0.003338   -0.000438
    0.000350    0.000010    0.001412   -0.002432    0.003811   -0.002250   -0.001583   -0.001660    0.001467   -0.000971
    0.000748   -0.001925   -0.003131   -0.001413   -0.004086   -0.008234   -0.006515   -0.009188
New cartesian coordinates:
   -0.765204    0.008170    0.063098
    0.765468    0.003791    0.024902
   -1.113662    0.743074    0.819028
   -1.160759    0.291131   -0.935016
   -1.134826   -1.003559    0.329427
    1.158910   -0.340405    1.004608
    1.135583    1.029990   -0.181076
    1.114490   -0.682193   -0.774971
New internal coordinates:
    1.5312    1.1104    1.1103    1.1096    1.1104    1.1102    1.1100    1.9099    1.9118    1.9139
    1.9104    1.9127    1.9114    1.9087    1.9130    1.9065    1.9093    1.9101    1.9100    1.1104
   -0.9835   -3.0788   -3.0805    1.1088   -0.9865   -0.9884   -3.0822    1.1056
New gradient (in internal coordinates):
    0.067306    0.161967    0.109286   -0.399822    0.212258    0.024691   -0.071742   -0.193528    0.043949    0.096677
   -0.108340    0.033876   -0.055754    0.029757    0.141887   -0.118443    0.025466    0.074012    0.030958    0.224715
    0.239308    0.214835    0.169559    0.184152    0.159679    0.110711    0.125304    0.100831
Old energy:    -0.124398 kcal/mol
New energy:    -0.136892 kcal/mol
GRMS:     0.3649

*****  Optimization step:   8 *****
Search direction vector after cartesian iteration (s_k):
   -0.000287   -0.000625   -0.000421    0.001545   -0.000821   -0.000094    0.000279    0.003754   -0.001554   -0.001186
    0.001263   -0.000338    0.001098   -0.001101   -0.000386    0.000461   -0.000835   -0.001367    0.000172   -0.004450
   -0.003995   -0.004676   -0.004452   -0.003998   -0.004679   -0.005568   -0.005114   -0.005795
New cartesian coordinates:
   -0.765123    0.009109    0.063829
    0.765238    0.003603    0.024851
   -1.116376    0.741414    0.820070
   -1.159202    0.294404   -0.933737
   -1.134710   -1.004982    0.327651
    1.159981   -0.338041    1.003996
    1.135565    1.029169   -0.183383
    1.114626   -0.684675   -0.773277
New internal coordinates:
    1.5309    1.1098    1.1099    1.1111    1.1096    1.1101    1.1103    1.9136    1.9103    1.9127
    1.9116    1.9123    1.9125    1.9076    1.9126    1.9070    1.9085    1.9087    1.9102    1.1060
   -0.9874   -3.0835   -3.0849    1.1048   -0.9912   -0.9939   -3.0873    1.0998
New gradient (in internal coordinates):
   -0.099231   -0.272872   -0.186229    0.682115   -0.360397   -0.040486    0.122935    0.058160   -0.050986    0.013308
   -0.006842    0.007773    0.013704   -0.048347    0.081014   -0.053860   -0.021063   -0.016386    0.022717    0.220006
    0.245264    0.204124    0.165029    0.190287    0.149147    0.075974    0.101231    0.060092
Old energy:    -0.136892 kcal/mol
New energy:    -0.143794 kcal/mol
GRMS:     0.3603

*****  Optimization step:   9 *****
Search direction vector after cartesian iteration (s_k):
   -0.000200   -0.000416   -0.000278    0.001020   -0.000544   -0.000063    0.000184    0.003418   -0.001033   -0.001565
    0.001512   -0.000477    0.001042   -0.000566   -0.001548    0.001291   -0.000653   -0.001307   -0.000125   -0.008791
   -0.008627   -0.008821   -0.008027   -0.007862   -0.008057   -0.008034   -0.007869   -0.008064
New cartesian coordinates:
   -0.765146    0.010033    0.064123
    0.765003    0.003322    0.024835
   -1.119059    0.738016    0.822682
   -1.157988    0.299534   -0.932409
   -1.134281   -1.006243    0.324448
    1.161106   -0.334152    1.004261
    1.135465    1.027906   -0.187610
    1.114900   -0.688415   -0.770330
New internal coordinates:
    1.5307    1.1093    1.1096    1.1121    1.1091    1.1100    1.1105    1.9170    1.9092    1.9111
    1.9131    1.9119    1.9136    1.9070    1.9110    1.9083    1.9078    1.9074    1.9100    1.0972
   -0.9961   -3.0923   -3.0930    1.0970   -0.9992   -1.0020   -3.0952    1.0918
New gradient (in internal coordinates):
   -0.212651   -0.560915   -0.381331    1.396604   -0.739095   -0.083897    0.251493    0.302707   -0.135659   -0.085890
    0.104574   -0.024766    0.083931   -0.111348   -0.007452    0.036603   -0.063218   -0.108488    0.007250    0.183434
    0.211944    0.166553    0.148588    0.177098    0.131707    0.058378    0.086887    0.041496
Old energy:    -0.143794 kcal/mol
New energy:    -0.152035 kcal/mol
GRMS:     0.5929

*****  Optimization step:  10 *****
Search direction vector after cartesian iteration (s_k):
   -0.000109   -0.000199   -0.000130    0.000476   -0.000256   -0.000031    0.000086    0.003109   -0.000644   -0.001975
    0.001636   -0.000599    0.001039   -0.000013   -0.002334    0.001864   -0.000578   -0.001277   -0.000229   -0.018302
   -0.018228   -0.018217   -0.016807   -0.016734   -0.016722   -0.016120   -0.016047   -0.016036
New cartesian coordinates:
   -0.765282    0.010955    0.064087
    0.764752    0.002956    0.024801
   -1.121642    0.731005    0.828759
   -1.157062    0.309074   -0.930175
   -1.133566   -1.008027    0.316968
    1.162291   -0.326083    1.006223
    1.135206    1.025655   -0.196396
    1.115303   -0.695535   -0.764267
New internal coordinates:
    1.5306    1.1091    1.1095    1.1126    1.1088    1.1100    1.1106    1.9201    1.9086    1.9092
    1.9148    1.9113    1.9146    1.9070    1.9087    1.9102    1.9072    1.9061    1.9098    1.0789
   -1.0143   -3.1105   -3.1098    1.0802   -1.0159   -1.0181   -3.1113    1.0757
New gradient (in internal coordinates):
   -0.270478   -0.696716   -0.472379    1.730203   -0.916623   -0.104713    0.311506    0.535911   -0.212877   -0.203253
    0.221449   -0.063857    0.155692   -0.157067   -0.110052    0.146970   -0.102859   -0.202260   -0.009835    0.103431
    0.132907    0.088458    0.107680    0.137156    0.092707    0.034599    0.064075    0.019627
Old energy:    -0.152035 kcal/mol
New energy:    -0.165372 kcal/mol
GRMS:     0.7540

*****  Optimization step:  11 *****
Search direction vector after cartesian iteration (s_k):
    0.000124    0.000300    0.000204   -0.000751    0.000398    0.000044   -0.000136   -0.000481    0.000675   -0.000660
    0.000179   -0.000186    0.000001    0.000945   -0.001380    0.000910    0.000101    0.000058   -0.000153   -0.021473
   -0.021592   -0.021290   -0.020187   -0.020306   -0.020004   -0.019067   -0.019186   -0.018884
New cartesian coordinates:
   -0.765441    0.011006    0.063529
    0.764729    0.002830    0.024768
   -1.121414    0.722807    0.836494
   -1.157486    0.319228   -0.927772
   -1.133231   -1.009615    0.307037
    1.162356   -0.316280    1.009875
    1.134920    1.023370   -0.206820
    1.115566   -0.703347   -0.757110
New internal coordinates:
    1.5307    1.1094    1.1097    1.1119    1.1092    1.1100    1.1105    1.9197    1.9093    1.9085
    1.9150    1.9111    1.9146    1.9080    1.9073    1.9111    1.9073    1.9062    1.9096    1.0574
   -1.0359   -3.1318   -3.1300    1.0599   -1.0359   -1.0372   -3.1305    1.0568
New gradient (in internal coordinates):
   -0.193447   -0.486263   -0.328489    1.203761   -0.638655   -0.073231    0.216741    0.518719   -0.198814   -0.231177
    0.229271   -0.073419    0.158279   -0.128697   -0.137841    0.178103   -0.099482   -0.203928   -0.012386    0.014364
    0.040814    0.003868    0.052230    0.078680    0.041735    0.008485    0.034936   -0.002010
Old energy:    -0.165372 kcal/mol
New energy:    -0.177948 kcal/mol
GRMS:     0.5781

*****  Optimization step:  12 *****
Search direction vector after cartesian iteration (s_k):
    0.000243    0.000522    0.000349   -0.001285    0.000684    0.000078   -0.000232   -0.003888    0.001617    0.001325
   -0.001469    0.000410   -0.001132    0.001198    0.000498   -0.000749    0.000784    0.001457   -0.000040   -0.011635
   -0.011947   -0.011453   -0.011556   -0.011868   -0.011374   -0.010678   -0.010990   -0.010497
New cartesian coordinates:
   -0.765460    0.010125    0.062799
    0.764977    0.003070    0.024793
   -1.118335    0.718357    0.841193
   -1.158967    0.323934   -0.926559
   -1.133721   -1.010275    0.300592
    1.161140   -0.310513    1.013031
    1.134834    1.022469   -0.212654
    1.115531   -0.707167   -0.753195
New internal coordinates:
    1.5309    1.1100    1.1100    1.1106    1.1099    1.1101    1.1102    1.9158    1.9109    1.9098
    1.9135    1.9115    1.9135    1.9092    1.9078    1.9103    1.9081    1.9076    1.9096    1.0458
   -1.0478    3.1399   -3.1415    1.0481   -1.0473   -1.0478   -3.1414    1.0463
New gradient (in internal coordinates):
   -0.051440   -0.123933   -0.082578    0.303924   -0.161987   -0.018566    0.054931    0.253851   -0.096140   -0.136929
    0.116040   -0.042135    0.084870   -0.046400   -0.074396    0.100090   -0.052860   -0.105821   -0.000756   -0.025862
   -0.006390   -0.031736    0.014143    0.033615    0.008269   -0.005827    0.013645   -0.011701
Old energy:    -0.177948 kcal/mol
New energy:    -0.183955 kcal/mol
GRMS:     0.2105

*****  Optimization step:  13 *****
Search direction vector after cartesian iteration (s_k):
    0.000108    0.000220    0.000144   -0.000534    0.000286    0.000033   -0.000097   -0.002823    0.000984    0.001443
   -0.001195    0.000417   -0.000935    0.000420    0.000935   -0.000957    0.000627    0.001145   -0.000053   -0.000301
   -0.000592   -0.000209   -0.000918   -0.001209   -0.000826   -0.000603   -0.000895   -0.000511
New cartesian coordinates:
   -0.765369    0.009404    0.062473
    0.765190    0.003329    0.024871
   -1.116002    0.718217    0.841664
   -1.159878    0.323557   -0.926539
   -1.134381   -1.010294    0.299620
    1.160157   -0.309952    1.014004
    1.134890    1.022718   -0.213021
    1.115394   -0.706978   -0.753072
New internal coordinates:
    1.5310    1.1102    1.1102    1.1100    1.1102    1.1101    1.1101    1.9129    1.9119    1.9113
    1.9123    1.9119    1.9125    1.9096    1.9088    1.9094    1.9088    1.9088    1.9096    1.0455
   -1.0484    3.1397    3.1408    1.0469   -1.0481   -1.0484    3.1409    1.0458
New gradient (in internal coordinates):
    0.010041    0.027427    0.019253   -0.069735    0.036642    0.004056   -0.012356    0.056568   -0.021130   -0.043951
    0.024565   -0.012007    0.024560    0.001614   -0.016730    0.023636   -0.016752   -0.027332    0.006841   -0.018584
   -0.005755   -0.021872    0.005217    0.018045    0.001928   -0.005768    0.007061   -0.009056
Old energy:    -0.183955 kcal/mol
New energy:    -0.185067 kcal/mol
GRMS:     0.0508

*****  Optimization step:  14 *****
Search direction vector after cartesian iteration (s_k):
    0.000001   -0.000001   -0.000002    0.000006   -0.000003    0.000000    0.000001   -0.000758    0.000229    0.000552
   -0.000308    0.000140   -0.000312   -0.000064    0.000331   -0.000290    0.000232    0.000346   -0.000096    0.001293
    0.001111    0.001335    0.000889    0.000707    0.000932    0.001013    0.000832    0.001056
New cartesian coordinates:
   -0.765306    0.009178    0.062425
    0.765259    0.003423    0.024939
   -1.115357    0.718669    0.841259
   -1.160046    0.322896   -0.926630
   -1.134691   -1.010297    0.299977
    1.159890   -0.310368    1.014042
    1.134919    1.022925   -0.212531
    1.115333   -0.706425   -0.753482
New internal coordinates:
    1.5310    1.1102    1.1102    1.1100    1.1102    1.1101    1.1101    1.9122    1.9121    1.9118
    1.9120    1.9120    1.9122    1.9095    1.9091    1.9091    1.9090    1.9091    1.9095    1.0468
   -1.0473    3.1411   -3.1415    1.0476   -1.0472   -1.0474   -3.1415    1.0469
New gradient (in internal coordinates):
    0.010032    0.026117    0.017841   -0.065271    0.034560    0.003849   -0.011699    0.004143   -0.000824   -0.010552
   -0.000686   -0.001917    0.005631    0.009058   -0.001399   -0.000412   -0.005526   -0.004139    0.006625   -0.008736
   -0.000358   -0.010772    0.004422    0.012799    0.002385   -0.003078    0.005300   -0.005114
Old energy:    -0.185067 kcal/mol
New energy:    -0.185165 kcal/mol
GRMS:     0.0283

*****  Optimization step:  15 *****
Search direction vector after cartesian iteration (s_k):
   -0.000011   -0.000025   -0.000017    0.000062   -0.000033   -0.000004    0.000011   -0.000130    0.000026    0.000170
   -0.000016    0.000029   -0.000093   -0.000119    0.000065   -0.000011    0.000095    0.000079   -0.000094    0.000398
    0.000273    0.000428    0.000188    0.000063    0.000217    0.000294    0.000169    0.000324
New cartesian coordinates:
   -0.765280    0.009116    0.062427
    0.765276    0.003446    0.024986
   -1.115251    0.718784    0.841100
   -1.160030    0.322780   -0.926621
   -1.134810   -1.010345    0.300106
    1.159864   -0.310479    1.014026
    1.134917    1.022963   -0.212431
    1.115314   -0.706264   -0.753593
New internal coordinates:
    1.5310    1.1102    1.1101    1.1101    1.1102    1.1101    1.1101    1.9121    1.9121    1.9120
    1.9120    1.9121    1.9121    1.9094    1.9092    1.9091    1.9091    1.9092    1.9094    1.0471
   -1.0470    3.1415   -3.1414    1.0476   -1.0470   -1.0471   -3.1413    1.0472
New gradient (in internal coordinates):
    0.003353    0.008696    0.005864   -0.021580    0.011481    0.001264   -0.003885   -0.003643    0.002386   -0.001416
   -0.004025    0.000406    0.000988    0.006833    0.000149   -0.004302   -0.002401    0.000555    0.004484   -0.004459
    0.000711   -0.005647    0.003149    0.008320    0.001962   -0.001531    0.003640   -0.002718
Old energy:    -0.185165 kcal/mol
New energy:    -0.185178 kcal/mol
GRMS:     0.0126

*****  Optimization step:  16 *****
Search direction vector after cartesian iteration (s_k):
   -0.000007   -0.000016   -0.000011    0.000041   -0.000022   -0.000002    0.000007   -0.000017   -0.000014    0.000076
    0.000042    0.000003   -0.000046   -0.000118    0.000019    0.000054    0.000069    0.000024   -0.000091    0.000073
   -0.000039    0.000099   -0.000091   -0.000203   -0.000064    0.000014   -0.000098    0.000040
New cartesian coordinates:
   -0.765269    0.009082    0.062436
    0.765280    0.003450    0.025025
   -1.115252    0.718780    0.841053
   -1.159987    0.322840   -0.926584
   -1.134872   -1.010398    0.300110
    1.159892   -0.310468    1.014034
    1.134900    1.022951   -0.212483
    1.115306   -0.706236   -0.753592
New internal coordinates:
    1.5310    1.1101    1.1101    1.1102    1.1101    1.1101    1.1101    1.9120    1.9121    1.9121
    1.9120    1.9121    1.9121    1.9093    1.9092    1.9091    1.9092    1.9092    1.9093    1.0472
   -1.0471   -3.1416   -3.1414    1.0474   -1.0471   -1.0471   -3.1414    1.0473
New gradient (in internal coordinates):
   -0.001015   -0.002698   -0.001908    0.006863   -0.003581   -0.000420    0.001217   -0.003332    0.002156    0.001700
   -0.002969    0.000884   -0.000615    0.003276   -0.000280   -0.003521   -0.000796    0.001437    0.002067   -0.001856
    0.000402   -0.002298    0.001439    0.003697    0.000997   -0.000508    0.001750   -0.000950
Old energy:    -0.185178 kcal/mol
New energy:    -0.185182 kcal/mol
GRMS:     0.0061

*****  Optimization step:  17 *****
Search direction vector after cartesian iteration (s_k):
   -0.000001   -0.000002   -0.000001    0.000004   -0.000003   -0.000000    0.000001    0.000017   -0.000021    0.000012
    0.000039   -0.000007   -0.000012   -0.000067    0.000009    0.000050    0.000033   -0.000003   -0.000050   -0.000032
   -0.000092   -0.000018   -0.000116   -0.000176   -0.000103   -0.000060   -0.000120   -0.000047
New cartesian coordinates:
   -0.765270    0.009067    0.062443
    0.765279    0.003446    0.025045
   -1.115281    0.718754    0.841055
   -1.159959    0.322914   -0.926559
   -1.134883   -1.010422    0.300081
    1.159925   -0.310438    1.014048
    1.134884    1.022932   -0.212549
    1.115304   -0.706252   -0.753563
New internal coordinates:
    1.5310    1.1101    1.1101    1.1102    1.1101    1.1101    1.1101    1.9121    1.9121    1.9121
    1.9120    1.9121    1.9121    1.9092    1.9092    1.9092    1.9092    1.9092    1.9092    1.0472
   -1.0472    3.1416   -3.1416    1.0473   -1.0472   -1.0472   -3.1416    1.0472
New gradient (in internal coordinates):
   -0.001513   -0.003995   -0.002757    0.010031   -0.005284   -0.000603    0.001794   -0.001270    0.000994    0.001364
   -0.001176    0.000528   -0.000581    0.001014   -0.000518   -0.001589   -0.000233    0.000820    0.000645   -0.000694
   -0.000010   -0.000769    0.000380    0.001064    0.000305   -0.000117    0.000567   -0.000192
Old energy:    -0.185182 kcal/mol
New energy:    -0.185183 kcal/mol
GRMS:     0.0045

*****  Optimization step:  18 *****
Search direction vector after cartesian iteration (s_k):
    0.000001    0.000003    0.000002   -0.000008    0.000004    0.000001   -0.000001    0.000013   -0.000014   -0.000006
    0.000020   -0.000006    0.000001   -0.000028    0.000009    0.000026    0.000012   -0.000007   -0.000020   -0.000011
   -0.000034   -0.000006   -0.000045   -0.000069   -0.000041   -0.000026   -0.000049   -0.000022
New cartesian coordinates:
   -0.765273    0.009061    0.062447
    0.765277    0.003441    0.025052
   -1.115301    0.718747    0.841058
   -1.159947    0.322945   -0.926552
   -1.134877   -1.010427    0.300068
    1.159944   -0.310431    1.014055
    1.134874    1.022923   -0.212577
    1.115304   -0.706259   -0.753550
New internal coordinates:
    1.5310    1.1101    1.1101    1.1101    1.1101    1.1101    1.1101    1.9121    1.9121    1.9121
    1.9121    1.9121    1.9121    1.9092    1.9092    1.9092    1.9092    1.9092    1.9092    1.0472
   -1.0472    3.1416    3.1416    1.0472   -1.0472   -1.0472    3.1416    1.0472
New gradient (in internal coordinates):
   -0.000646   -0.001707   -0.001170    0.004272   -0.002256   -0.000256    0.000766   -0.000067    0.000189    0.000446
   -0.000141    0.000151   -0.000227    0.000070   -0.000323   -0.000317   -0.000062    0.000215    0.000064   -0.000178
   -0.000108   -0.000141   -0.000017    0.000052    0.000020   -0.000015    0.000054    0.000022
Old energy:    -0.185183 kcal/mol
New energy:    -0.185184 kcal/mol
GRMS:     0.0018

*****  Optimization step:  19 *****
Search direction vector after cartesian iteration (s_k):
    0.000001    0.000002    0.000001   -0.000005    0.000003    0.000000   -0.000001    0.000002   -0.000004   -0.000004
    0.000003   -0.000002    0.000002   -0.000004    0.000005    0.000005    0.000002   -0.000003   -0.000002    0.000010
    0.000007    0.000010    0.000004    0.000001    0.000004    0.000005    0.000002    0.000005
New cartesian coordinates:
   -0.765275    0.009060    0.062448
    0.765276    0.003440    0.025052
   -1.115305    0.718751    0.841056
   -1.159946    0.322944   -0.926553
   -1.134873   -1.010425    0.300069
    1.159947   -0.310436    1.014055
    1.134872    1.022922   -0.212576
    1.115304   -0.706257   -0.753552
New internal coordinates:
    1.5310    1.1101    1.1101    1.1101    1.1101    1.1101    1.1101    1.9121    1.9121    1.9121
    1.9121    1.9121    1.9121    1.9092    1.9092    1.9092    1.9092    1.9092    1.9092    1.0472
   -1.0472    3.1416    3.1416    1.0472   -1.0472   -1.0472    3.1416    1.0472
New gradient (in internal coordinates):
   -0.000103   -0.000272   -0.000185    0.000678   -0.000359   -0.000041    0.000122    0.000098   -0.000009    0.000063
    0.000047    0.000021   -0.000056   -0.000043   -0.000101   -0.000008   -0.000028    0.000029   -0.000013   -0.000036
   -0.000043   -0.000006   -0.000034   -0.000042   -0.000004   -0.000011   -0.000019    0.000019
Old energy:    -0.185184 kcal/mol
New energy:    -0.185184 kcal/mol
GRMS:     0.0003

