*****  Optimization step:   1 *****
Search direction vector after cartesian iteration (s_k):
   -0.059960    0.014165   -0.020976    0.022726   -0.002362   -0.004438    0.024136   -0.057671    0.068822    0.040537
    0.032005    0.011997    0.064655   -0.010313    0.028080    0.000858    0.002478    0.017910   -0.005414   -0.016567
    0.007932    0.011064    0.000419   -0.004950   -0.009091    0.000765    0.028795   -0.013158   -0.007588   -0.001764
   -0.005202   -0.010644    0.008415   -0.003869   -0.005162   -0.005955   -0.002815    0.002078    0.004679    0.006181
    0.000521   -0.005251   -0.013158   -0.006417   -0.003816   -0.002314   -0.014228   -0.004138    0.003145   -0.002347
    0.000254    0.001756   -0.018153   -0.012380   -0.004474   -0.010284   -0.000194    0.007090   -0.000698    0.005075
    0.012981    0.001665   -0.008425   -0.015708
New cartesian coordinates:
    0.029798   -0.015680   -0.375781
   -0.545111    1.366711    0.125376
    1.464046   -0.202456    0.117163
   -0.919404   -1.126878    0.148495
    0.026994    0.022618   -1.475379
   -0.545717    1.393349    1.236741
    0.125072    2.159215   -0.274942
   -1.565556    1.522218   -0.253193
    1.448543   -0.226394    1.253596
    2.092223    0.595481   -0.248296
    1.852780   -1.169037   -0.210146
   -0.910530   -1.156962    1.244243
   -0.490455   -2.068832   -0.238731
   -1.922681   -1.023555   -0.240747
New internal coordinates:
    1.5788    1.5281    1.5526    1.1003    1.1117    1.1124    1.0995    1.1368    1.0793    1.0920
    1.0962    1.1051    1.0811    1.9245    1.8722    1.8607    1.9161    1.8652    1.9311    1.9578
    1.9061    1.8884    1.9248    1.9237    1.9399    1.9307    1.8280    1.9578    1.9209    1.9181
    1.9119    1.9412    1.8607    1.9238    1.9005    1.9498    1.8918   -1.0538    1.0291    3.1094
   -1.0902    1.0366   -3.1185    1.0829   -3.1174   -1.0371    1.1132   -3.1250   -1.0767   -3.1209
   -1.0380    1.0423   -0.9953   -3.1220    1.0331   -1.0026    1.0424    3.0906    3.1292    1.0025
   -1.1257   -3.1409    1.0972   -0.9510
New gradient (in internal coordinates):
   24.040733   -6.443617    8.334452   -7.142301    0.596237    1.303947   -7.738930   18.176368  -21.829452  -12.855454
  -10.224914   -3.815657  -20.543079    0.999139   -3.372589   -0.083185   -0.701134   -3.349941    0.909513    2.026340
   -0.946666   -2.099015   -0.291895    1.041967    1.266393   -0.319549   -4.977667    2.249384    1.615920    0.332518
    1.132851    1.827132   -1.030517    0.508048    1.317619    0.666300    0.739960   -0.212542   -0.618001   -0.758117
   -0.135212    0.593016    1.730272    0.730050    0.324591    0.184475    1.723194    0.337285   -0.600805    0.428015
    0.022556   -0.117560    2.391157    1.662928    0.525672    1.489411    0.103502   -0.834589    0.052540   -0.675688
   -1.812945   -0.333605    1.052304    1.990395
Old energy:     0.000000 kcal/mol
New energy:     2.956945 kcal/mol
GRMS:    14.2680

*****  Optimization step:   2 *****
Search direction vector after cartesian iteration (s_k):
   -0.041184    0.011680   -0.014214    0.010583   -0.000727   -0.001835    0.011631   -0.026988    0.032560    0.019172
    0.015329    0.005702    0.030679   -0.006915    0.035969    0.004896    0.005925    0.029158   -0.008232   -0.022516
    0.005664    0.019826   -0.000675   -0.007846   -0.015747    0.000481    0.045699   -0.021470   -0.012505   -0.004781
   -0.009233   -0.017726    0.015034   -0.008008   -0.006271   -0.012793   -0.002573    0.000610    0.006326    0.008056
    0.004629   -0.004971   -0.020567   -0.008423   -0.002707   -0.000978   -0.021849   -0.002705    0.010080   -0.005249
    0.000467    0.002196   -0.030540   -0.020940   -0.005344   -0.022963   -0.003819    0.008967    0.000629    0.010230
    0.025825    0.003561   -0.015583   -0.028369
New cartesian coordinates:
    0.011610   -0.002148   -0.365750
   -0.530141    1.352611    0.119502
    1.453821   -0.199241    0.136202
   -0.904688   -1.128545    0.142486
    0.005487    0.026868   -1.476206
   -0.532237    1.387911    1.229896
    0.127508    2.156920   -0.272887
   -1.562029    1.511011   -0.260807
    1.457610   -0.215535    1.245878
    2.106734    0.619173   -0.238120
    1.842691   -1.179795   -0.213168
   -0.906954   -1.160783    1.253542
   -0.492930   -2.087613   -0.237644
   -1.936482   -1.011032   -0.254522
New internal coordinates:
    1.5376    1.5397    1.5384    1.1109    1.1110    1.1106    1.1111    1.1098    1.1119    1.1112
    1.1115    1.1108    1.1118    1.9176    1.9082    1.8656    1.9221    1.8944    1.9228    1.9353
    1.9118    1.9082    1.9242    1.9159    1.9242    1.9312    1.8737    1.9363    1.9084    1.9133
    1.9026    1.9235    1.8757    1.9158    1.8942    1.9370    1.8892   -1.0531    1.0355    3.1175
   -1.0855    1.0316   -3.1390    1.0744   -3.1201   -1.0381    1.0913   -3.1277   -1.0667   -3.1261
   -1.0375    1.0445   -1.0258    3.1402    1.0277   -1.0256    1.0386    3.0996    3.1298    1.0127
   -1.0998   -3.1373    1.0817   -0.9794
New gradient (in internal coordinates):
   -1.067477    0.252436   -0.355960    0.282280    0.009406   -0.025316    0.365575   -0.780499    0.944961    0.526989
    0.463796    0.178927    0.905308   -0.069673   -0.725006   -0.521529   -0.336164   -1.403648    0.390341    0.422296
    0.165897   -0.941742   -0.001790    0.348220    0.691056    0.005318   -2.162915    1.031150    0.626092    0.263050
    0.458063    0.851833   -0.698735    0.423550    0.301569    0.619083    0.097786    0.173744   -0.122597   -0.189350
   -0.503888   -0.055677    0.695293    0.186013   -0.110328   -0.177081    0.897031   -0.025628   -0.630632    0.315489
    0.019148   -0.047605    1.183359    0.735148   -0.015822    1.190997    0.268337   -0.336667   -0.071911   -0.520122
   -1.271093   -0.235252    0.687407    1.292411
Old energy:     2.956945 kcal/mol
New energy:     0.524796 kcal/mol
GRMS:     2.5597

*****  Optimization step:   3 *****
Search direction vector after cartesian iteration (s_k):
   -0.001064    0.000343   -0.000395    0.000387   -0.000092   -0.000118    0.000311   -0.000872    0.001033    0.000661
    0.000445    0.000156    0.000943    0.001327    0.009734    0.006653    0.002614    0.012261   -0.003690   -0.006050
   -0.002467    0.008886   -0.001618   -0.002427   -0.008800   -0.001033    0.020319   -0.010011   -0.004472   -0.003095
   -0.003629   -0.008302    0.009140   -0.005463   -0.000067   -0.009060    0.000884   -0.002152    0.001548    0.002405
    0.006139    0.000526   -0.008837   -0.002511    0.001189    0.002046   -0.011170    0.000452    0.008053   -0.003802
   -0.000102    0.000754   -0.015261   -0.009648   -0.000285   -0.015337   -0.003714    0.003886    0.001257    0.006870
    0.016233    0.002475   -0.009148   -0.016748
New cartesian coordinates:
    0.010296    0.000191   -0.363456
   -0.528561    1.355685    0.119591
    1.452230   -0.201128    0.138668
   -0.899302   -1.133589    0.139170
    0.005901    0.020411   -1.474502
   -0.534325    1.394146    1.229775
    0.122145    2.167515   -0.268525
   -1.561000    1.511054   -0.261379
    1.466656   -0.211607    1.247454
    2.107010    0.616160   -0.237916
    1.839108   -1.180173   -0.219147
   -0.910714   -1.162191    1.250715
   -0.498241   -2.099812   -0.234681
   -1.931202   -1.006860   -0.257367
New internal coordinates:
    1.5366    1.5401    1.5380    1.1112    1.1109    1.1105    1.1114    1.1089    1.1129    1.1119
    1.1120    1.1109    1.1127    1.9189    1.9179    1.8722    1.9247    1.9066    1.9191    1.9292
    1.9093    1.9171    1.9225    1.9134    1.9154    1.9302    1.8941    1.9263    1.9039    1.9102
    1.8990    1.9152    1.8849    1.9103    1.8941    1.9280    1.8901   -1.0553    1.0370    3.1199
   -1.0794    1.0321    3.1353    1.0719   -3.1189   -1.0361    1.0801   -3.1272   -1.0586   -3.1299
   -1.0376    1.0453   -1.0411    3.1306    1.0274   -1.0409    1.0349    3.1035    3.1311    1.0196
   -1.0836   -3.1349    1.0725   -0.9961
New gradient (in internal coordinates):
   -1.489850    0.599975   -0.484506    0.560047   -0.028190   -0.077759    0.599306   -1.375756    1.668581    0.969591
    0.781749    0.299733    1.561337   -0.137049   -0.130986   -0.524152   -0.088322   -0.542865    0.183272    0.015867
    0.307003   -0.377797    0.099716    0.073604    0.459084    0.109831   -0.972075    0.493525    0.166288    0.147693
    0.135791    0.396571   -0.509490    0.308885   -0.070505    0.496443   -0.100132    0.201420    0.011586   -0.044113
   -0.456519   -0.143087    0.348871    0.046440   -0.143394   -0.199093    0.582567   -0.035987   -0.457687    0.216163
    0.026329   -0.029369    0.700907    0.387475   -0.104483    0.830454    0.211901   -0.209799   -0.078503   -0.391935
   -0.883893   -0.139901    0.478652    0.900353
Old energy:     0.524796 kcal/mol
New energy:     0.472311 kcal/mol
GRMS:     1.5781

*****  Optimization step:   4 *****
Search direction vector after cartesian iteration (s_k):
    0.001296   -0.001144    0.000317   -0.000622   -0.000051   -0.000001   -0.000694    0.001437   -0.001807   -0.001000
   -0.000866   -0.000354   -0.001679    0.003983    0.008821    0.014214    0.002111    0.013792   -0.004762   -0.004700
   -0.007759    0.010460   -0.004165   -0.001482   -0.014408   -0.003431    0.025643   -0.013275   -0.003455   -0.004602
   -0.003201   -0.010846    0.015337   -0.009216    0.003945   -0.016234    0.004055   -0.005105    0.000697    0.002331
    0.012308    0.002855   -0.012032   -0.002549    0.003252    0.004886   -0.017590    0.001237    0.013826   -0.006434
   -0.000633    0.001002   -0.022917   -0.013464    0.001423   -0.025341   -0.006514    0.006075    0.002677    0.012130
    0.027016    0.003711   -0.015116   -0.027705
New cartesian coordinates:
    0.011142    0.002291   -0.360111
   -0.528038    1.359666    0.121415
    1.451802   -0.204234    0.140043
   -0.893379   -1.139636    0.134134
    0.011990    0.006017   -1.470721
   -0.540322    1.399620    1.231442
    0.113891    2.181212   -0.260826
   -1.560228    1.509070   -0.260589
    1.480709   -0.203978    1.250034
    2.105071    0.609710   -0.241046
    1.837362   -1.178395   -0.229234
   -0.920550   -1.159055    1.244738
   -0.507154   -2.114924   -0.230640
   -1.922296   -0.997564   -0.260240
New internal coordinates:
    1.5379    1.5389    1.5383    1.1106    1.1108    1.1105    1.1107    1.1104    1.1111    1.1109
    1.1111    1.1106    1.1110    1.9229    1.9267    1.8864    1.9268    1.9204    1.9144    1.9245
    1.9015    1.9275    1.9184    1.9119    1.9010    1.9268    1.9197    1.9130    1.9005    1.9056
    1.8958    1.9043    1.9002    1.9011    1.8981    1.9118    1.8942   -1.0604    1.0377    3.1222
   -1.0671    1.0350    3.1233    1.0694   -3.1157   -1.0312    1.0626   -3.1260   -1.0448   -3.1363
   -1.0382    1.0463   -1.0640    3.1171    1.0289   -1.0663    1.0284    3.1096    3.1338    1.0317
   -1.0566   -3.1311    1.0574   -1.0238
New gradient (in internal coordinates):
   -0.471259    0.142467   -0.189432    0.125767   -0.026041   -0.033376    0.133216   -0.339337    0.403375    0.244971
    0.181608    0.068791    0.371750   -0.088430    0.224786   -0.276447    0.143218    0.402320   -0.079359   -0.194728
    0.228019    0.249823    0.150558   -0.202311    0.109027    0.099138    0.439339   -0.203596   -0.295689    0.003315
   -0.182894   -0.136808   -0.155740    0.090335   -0.366365    0.231954   -0.205524    0.105524    0.087851    0.061672
   -0.183224   -0.096576   -0.018272   -0.048780   -0.066454   -0.092632    0.100112   -0.010818   -0.119745    0.046295
    0.028621    0.002443    0.089257    0.002609   -0.075695    0.191600    0.080670   -0.028257   -0.067815   -0.154462
   -0.232767    0.037664    0.148594    0.257521
Old energy:     0.472311 kcal/mol
New energy:     0.351853 kcal/mol
GRMS:     0.5207

*****  Optimization step:   5 *****
Search direction vector after cartesian iteration (s_k):
    0.000760   -0.000281    0.000302   -0.000171    0.000029    0.000039   -0.000194    0.000476   -0.000572   -0.000343
   -0.000261   -0.000101   -0.000526    0.001369   -0.000648    0.004237   -0.000778   -0.001177    0.000004    0.000856
   -0.002966   -0.000464   -0.001702    0.001334   -0.002883   -0.001185    0.000093   -0.000200    0.001674   -0.000644
    0.000962   -0.000484    0.003160   -0.001836    0.003191   -0.003977    0.002124   -0.001523   -0.000694   -0.000235
    0.003069    0.001076   -0.001400    0.000038    0.000866    0.001325   -0.002944    0.000325    0.002866   -0.001271
   -0.000442    0.000017   -0.003739   -0.001747    0.000729   -0.004808   -0.001539    0.001003    0.001102    0.003095
    0.005571   -0.000084   -0.003353   -0.005894
New cartesian coordinates:
    0.011916    0.002355   -0.359420
   -0.528664    1.359920    0.122430
    1.452556   -0.204827    0.139656
   -0.893644   -1.139750    0.133450
    0.014730    0.001872   -1.469861
   -0.542119    1.398411    1.232525
    0.113767    2.181134   -0.259791
   -1.560714    1.508564   -0.259684
    1.482101   -0.201941    1.250103
    2.104246    0.608868   -0.242998
    1.839285   -1.177693   -0.230781
   -0.923866   -1.156505    1.243757
   -0.507424   -2.114948   -0.231260
   -1.922171   -0.995660   -0.259728
New internal coordinates:
    1.5386    1.5387    1.5386    1.1104    1.1108    1.1105    1.1105    1.1108    1.1105    1.1105
    1.1108    1.1105    1.1105    1.9243    1.9261    1.8907    1.9260    1.9192    1.9144    1.9254
    1.8986    1.9271    1.9167    1.9133    1.8981    1.9256    1.9198    1.9128    1.9022    1.9049
    1.8968    1.9039    1.9034    1.8993    1.9013    1.9078    1.8963   -1.0619    1.0370    3.1220
   -1.0640    1.0361    3.1219    1.0694   -3.1148   -1.0299    1.0596   -3.1257   -1.0419   -3.1376
   -1.0387    1.0463   -1.0677    3.1154    1.0296   -1.0711    1.0268    3.1106    3.1349    1.0348
   -1.0510   -3.1312    1.0540   -1.0297
New gradient (in internal coordinates):
   -0.013942    0.007073   -0.009771    0.003970   -0.002195   -0.001916   -0.000567   -0.001098    0.002658    0.006720
   -0.000483   -0.002887    0.000599   -0.042143    0.087697   -0.134458    0.097417    0.306023   -0.069779   -0.071675
    0.109266    0.191859    0.090674   -0.132888    0.052139    0.052764    0.364905   -0.178693   -0.203209   -0.007471
   -0.129212   -0.117193   -0.064779    0.029325   -0.233524    0.118501   -0.127509    0.042480    0.048367    0.034830
   -0.063685   -0.029130   -0.019338   -0.017337   -0.011450   -0.024987    0.017581   -0.005165   -0.048367    0.015607
    0.021494    0.007957    0.029422   -0.005133   -0.014925    0.059955    0.037210   -0.005992   -0.058646   -0.093202
   -0.102993    0.062825    0.085571    0.128772
Old energy:     0.351853 kcal/mol
New energy:     0.284694 kcal/mol
GRMS:     0.2643

*****  Optimization step:   6 *****
Search direction vector after cartesian iteration (s_k):
    0.000278   -0.000097    0.000118   -0.000060    0.000009    0.000013   -0.000060    0.000141   -0.000175   -0.000116
   -0.000078   -0.000022   -0.000159    0.001230   -0.000785    0.003716   -0.001225   -0.003223    0.000641    0.000749
   -0.002704   -0.001877   -0.001675    0.001840   -0.002239   -0.001070   -0.003049    0.001468    0.002529   -0.000275
    0.001622    0.000662    0.002213   -0.001139    0.003614   -0.003181    0.002268   -0.001200   -0.000901   -0.000496
    0.002079    0.000641   -0.000654    0.000042    0.000341    0.000746   -0.001535    0.000322    0.002142   -0.000885
   -0.000586   -0.000181   -0.002417   -0.000978    0.000317   -0.003060   -0.001203    0.000617    0.001528    0.002967
    0.004262   -0.001167   -0.003024   -0.004844
New cartesian coordinates:
    0.012250    0.002606   -0.358777
   -0.529340    1.360001    0.123306
    1.453030   -0.205287    0.139297
   -0.894253   -1.139314    0.133153
    0.016825   -0.001497   -1.469145
   -0.543405    1.396666    1.233464
    0.115127    2.179241   -0.259762
   -1.561302    1.508810   -0.258808
    1.481498   -0.200532    1.249907
    2.103329    0.608655   -0.244687
    1.841194   -1.177332   -0.231445
   -0.926079   -1.154231    1.243363
   -0.505666   -2.112970   -0.233091
   -1.923208   -0.995014   -0.258376
New internal coordinates:
    1.5389    1.5386    1.5387    1.1104    1.1109    1.1105    1.1105    1.1110    1.1103    1.1104
    1.1108    1.1105    1.1103    1.9255    1.9253    1.8944    1.9248    1.9160    1.9150    1.9261
    1.8959    1.9252    1.9150    1.9151    1.8959    1.9245    1.9167    1.9143    1.9047    1.9047
    1.8984    1.9045    1.9056    1.8981    1.9049    1.9046    1.8986   -1.0631    1.0361    3.1215
   -1.0619    1.0367    3.1212    1.0695   -3.1145   -1.0291    1.0581   -3.1254   -1.0398   -3.1385
   -1.0392    1.0461   -1.0701    3.1144    1.0299   -1.0741    1.0256    3.1112    3.1364    1.0378
   -1.0467   -3.1324    1.0510   -1.0346
New gradient (in internal coordinates):
    0.130805   -0.058564    0.040268   -0.040442    0.003974    0.006165   -0.040718    0.097980   -0.120363   -0.071991
   -0.056272   -0.024424   -0.110714   -0.000389   -0.035439   -0.009373    0.013302    0.063175   -0.018215    0.029635
    0.002737    0.038879    0.007628   -0.017687    0.012988    0.001042    0.086625   -0.047837   -0.029605   -0.006350
   -0.023277   -0.027820    0.013341   -0.015121   -0.025896    0.000848   -0.015417   -0.002065    0.009949    0.009012
    0.029901    0.024819    0.000091    0.011237    0.023250    0.022313   -0.035023   -0.011172   -0.006334    0.000532
    0.012546    0.011609   -0.004865    0.000217    0.024946   -0.030621   -0.006770   -0.001932   -0.039883   -0.034801
   -0.010072    0.059402    0.035551    0.030713
Old energy:     0.284694 kcal/mol
New energy:     0.271081 kcal/mol
GRMS:     0.0807

*****  Optimization step:   7 *****
Search direction vector after cartesian iteration (s_k):
   -0.000140    0.000087   -0.000034    0.000042   -0.000002   -0.000003    0.000040   -0.000095    0.000120    0.000071
    0.000057    0.000028    0.000109    0.000126    0.000192    0.000407   -0.000218   -0.000839    0.000231   -0.000174
   -0.000292   -0.000539   -0.000143    0.000297   -0.000263   -0.000077   -0.001083    0.000584    0.000429    0.000075
    0.000334    0.000335   -0.000063    0.000123    0.000429   -0.000124    0.000281   -0.000107   -0.000247   -0.000210
   -0.000225   -0.000242    0.000004   -0.000113   -0.000253   -0.000216    0.000420    0.000212    0.000250   -0.000073
   -0.000213   -0.000176    0.000015    0.000032   -0.000214    0.000249    0.000041    0.000080    0.000617    0.000634
    0.000387   -0.000868   -0.000660   -0.000699
New cartesian coordinates:
    0.012038    0.002799   -0.358669
   -0.529423    1.360127    0.123298
    1.452909   -0.205317    0.139318
   -0.894306   -1.139218    0.133221
    0.016782   -0.001782   -1.469077
   -0.543468    1.396598    1.233461
    0.115761    2.178666   -0.260053
   -1.561355    1.509292   -0.258874
    1.480840   -0.200689    1.249847
    2.103195    0.608808   -0.244646
    1.841205   -1.177437   -0.231304
   -0.925715   -1.154386    1.243497
   -0.504825   -2.112252   -0.233812
   -1.923638   -0.995407   -0.257808
New internal coordinates:
    1.5388    1.5386    1.5387    1.1104    1.1109    1.1105    1.1105    1.1109    1.1105    1.1105
    1.1108    1.1105    1.1105    1.9257    1.9255    1.8948    1.9246    1.9152    1.9152    1.9260
    1.8956    1.9247    1.9149    1.9154    1.8956    1.9244    1.9157    1.9149    1.9051    1.9047
    1.8987    1.9049    1.9055    1.8983    1.9053    1.9045    1.8988   -1.0632    1.0359    3.1213
   -1.0622    1.0365    3.1212    1.0693   -3.1147   -1.0293    1.0585   -3.1251   -1.0395   -3.1386
   -1.0395    1.0459   -1.0701    3.1144    1.0297   -1.0739    1.0257    3.1113    3.1370    1.0384
   -1.0464   -3.1333    1.0504   -1.0353
New gradient (in internal coordinates):
    0.045040   -0.019969    0.014235   -0.011564    0.002386    0.002572   -0.011597    0.030416   -0.036365   -0.022109
   -0.016391   -0.007171   -0.033249    0.000913   -0.020216   -0.003620   -0.002331    0.001623   -0.000985    0.014637
    0.000607    0.001312   -0.005876    0.002986    0.007824   -0.004051    0.006771   -0.005945    0.005930   -0.004102
   -0.000100   -0.002356    0.016655   -0.012846    0.011686   -0.012768    0.004394    0.003205    0.010113    0.010383
    0.026107    0.020276    0.002736    0.008695    0.015603    0.015873   -0.033302   -0.017065   -0.011166    0.004132
    0.011040    0.011309   -0.011068   -0.005237    0.012303   -0.030703   -0.014466   -0.008567   -0.029610   -0.023779
   -0.006238    0.044852    0.028615    0.022716
Old energy:     0.271081 kcal/mol
New energy:     0.273122 kcal/mol
GRMS:     0.0492

*****  Optimization step:   8 *****
Search direction vector after cartesian iteration (s_k):
   -0.000123    0.000070   -0.000033    0.000030   -0.000004   -0.000004    0.000029   -0.000074    0.000090    0.000055
    0.000042    0.000020    0.000082    0.000065    0.000271    0.000255   -0.000076   -0.000402    0.000122   -0.000206
   -0.000183   -0.000286    0.000038    0.000096   -0.000207    0.000015   -0.000591    0.000344    0.000111    0.000101
    0.000149    0.000198   -0.000279    0.000240    0.000018    0.000160    0.000057   -0.000149   -0.000315   -0.000304
   -0.000506   -0.000417   -0.000040   -0.000183   -0.000348   -0.000338    0.000772    0.000428    0.000346   -0.000120
   -0.000286   -0.000275    0.000258    0.000170   -0.000207    0.000647    0.000303    0.000221    0.000743    0.000655
    0.000278   -0.001117   -0.000773   -0.000691
New cartesian coordinates:
    0.011830    0.002966   -0.358591
   -0.529474    1.360284    0.123187
    1.452772   -0.205289    0.139350
   -0.894284   -1.139182    0.133314
    0.016669   -0.002005   -1.469026
   -0.543591    1.396758    1.233345
    0.116198    2.178405   -0.260219
   -1.561325    1.509738   -0.259176
    1.480381   -0.201027    1.249815
    2.103134    0.609003   -0.244395
    1.841049   -1.177506   -0.231200
   -0.925020   -1.154881    1.243643
   -0.504408   -2.111814   -0.234424
   -1.923929   -0.995651   -0.257225
New internal coordinates:
    1.5386    1.5387    1.5387    1.1105    1.1108    1.1105    1.1105    1.1108    1.1105    1.1105
    1.1109    1.1105    1.1105    1.9257    1.9257    1.8950    1.9245    1.9148    1.9154    1.9258
    1.8954    1.9244    1.9149    1.9155    1.8954    1.9244    1.9151    1.9152    1.9052    1.9048
    1.8989    1.9051    1.9052    1.8985    1.9053    1.9046    1.8989   -1.0634    1.0356    3.1210
   -1.0627    1.0361    3.1212    1.0692   -3.1151   -1.0297    1.0593   -3.1247   -1.0392   -3.1387
   -1.0397    1.0457   -1.0699    3.1146    1.0295   -1.0733    1.0260    3.1115    3.1378    1.0390
   -1.0461   -3.1344    1.0496   -1.0359
New gradient (in internal coordinates):
   -0.025956    0.012439   -0.007898    0.008935   -0.000628   -0.001274    0.009358   -0.021932    0.026964    0.015768
    0.012790    0.005546    0.024828   -0.000124    0.002542   -0.003584   -0.007247   -0.027241    0.007762   -0.005063
    0.003508   -0.015286   -0.009732    0.010170    0.002813   -0.003790   -0.032486    0.015829    0.018971   -0.001973
    0.010156    0.010015    0.011112   -0.006062    0.023235   -0.013739    0.011303    0.010091    0.011678    0.012163
    0.015518    0.012096    0.004922    0.005333    0.006920    0.007405   -0.027189   -0.021488   -0.017858    0.008073
    0.009660    0.010146   -0.015239   -0.011817   -0.004643   -0.025340   -0.019639   -0.016009   -0.017821   -0.014399
   -0.007225    0.028345    0.022645    0.019015
Old energy:     0.273122 kcal/mol
New energy:     0.274041 kcal/mol
GRMS:     0.0375

*****  Optimization step:   9 *****
Search direction vector after cartesian iteration (s_k):
   -0.000086    0.000047   -0.000023    0.000019   -0.000003   -0.000003    0.000017   -0.000045    0.000055    0.000034
    0.000025    0.000013    0.000050    0.000087    0.000261    0.000355   -0.000023   -0.000186    0.000060   -0.000152
   -0.000268   -0.000181    0.000134    0.000013   -0.000290    0.000044   -0.000339    0.000226   -0.000047    0.000128
    0.000071    0.000124   -0.000404    0.000319   -0.000185    0.000292   -0.000037   -0.000358   -0.000549   -0.000539
   -0.000791   -0.000667   -0.000185   -0.000316   -0.000507   -0.000498    0.001290    0.000872    0.000757   -0.000299
   -0.000490   -0.000481    0.000507    0.000383   -0.000099    0.001107    0.000690    0.000574    0.001112    0.000988
    0.000506   -0.001700   -0.001282   -0.001167
New cartesian coordinates:
    0.011659    0.003107   -0.358500
   -0.529554    1.360466    0.122991
    1.452666   -0.205208    0.139371
   -0.894246   -1.139157    0.133451
    0.016648   -0.002442   -1.468950
   -0.543954    1.397013    1.233139
    0.116568    2.178309   -0.260242
   -1.561230    1.510177   -0.259793
    1.480050   -0.201535    1.249798
    2.103085    0.609310   -0.243959
    1.840906   -1.177471   -0.231201
   -0.923963   -1.155671    1.243821
   -0.504417   -2.111492   -0.235161
   -1.924216   -0.995607   -0.256363
New internal coordinates:
    1.5386    1.5388    1.5387    1.1105    1.1108    1.1105    1.1105    1.1108    1.1106    1.1106
    1.1109    1.1105    1.1106    1.9258    1.9260    1.8954    1.9245    1.9146    1.9154    1.9256
    1.8951    1.9242    1.9150    1.9155    1.8951    1.9245    1.9147    1.9154    1.9052    1.9050
    1.8989    1.9052    1.9048    1.8988    1.9051    1.9049    1.8989   -1.0637    1.0350    3.1204
   -1.0635    1.0354    3.1210    1.0688   -3.1156   -1.0302    1.0606   -3.1238   -1.0384   -3.1390
   -1.0402    1.0452   -1.0694    3.1150    1.0294   -1.0721    1.0266    3.1121    3.1389    1.0400
   -1.0456   -3.1361    1.0483   -1.0371
New gradient (in internal coordinates):
   -0.072225    0.034337   -0.021920    0.021792   -0.002548   -0.003570    0.022073   -0.053862    0.065833    0.039388
    0.030664    0.013561    0.060303   -0.000598    0.021384    0.000124   -0.007565   -0.039966    0.011502   -0.019633
    0.002990   -0.021990   -0.008983    0.012102   -0.004314   -0.001553   -0.050466    0.026638    0.021103    0.000794
    0.014694    0.015904    0.000323    0.003041    0.021796   -0.008253    0.012225    0.014801    0.010739    0.011265
    0.003869    0.003989    0.009638    0.004015   -0.000047    0.000480   -0.018096   -0.024199   -0.023858    0.011434
    0.007373    0.007899   -0.017235   -0.017354   -0.023003   -0.018514   -0.024617   -0.024276   -0.002249   -0.002369
   -0.008018    0.007979    0.014082    0.013741
Old energy:     0.274041 kcal/mol
New energy:     0.274637 kcal/mol
GRMS:     0.0413

*****  Optimization step:  10 *****
Search direction vector after cartesian iteration (s_k):
   -0.000026    0.000007   -0.000006    0.000002   -0.000002   -0.000001   -0.000000   -0.000005    0.000005    0.000004
    0.000001    0.000001    0.000005    0.000113    0.000172    0.000453    0.000021    0.000073   -0.000016   -0.000035
   -0.000357   -0.000058    0.000222   -0.000074   -0.000355    0.000057   -0.000033    0.000077   -0.000201    0.000141
   -0.000020    0.000027   -0.000470    0.000355   -0.000362    0.000384   -0.000126   -0.000700   -0.000889   -0.000878
   -0.001155   -0.001018   -0.000490   -0.000552   -0.000741   -0.000731    0.002017    0.001584    0.001457   -0.000608
   -0.000796   -0.000786    0.000886    0.000748    0.000221    0.001783    0.001350    0.001222    0.001556    0.001418
    0.000891   -0.002454   -0.002021   -0.001893
New cartesian coordinates:
    0.011576    0.003172   -0.358404
   -0.529674    1.360637    0.122664
    1.452629   -0.205064    0.139390
   -0.894203   -1.139134    0.133660
    0.016789   -0.003169   -1.468850
   -0.544710    1.397294    1.232798
    0.116868    2.178383   -0.260065
   -1.561037    1.510557   -0.260881
    1.479880   -0.202257    1.249819
    2.103027    0.609799   -0.243254
    1.840901   -1.177235   -0.231402
   -0.922413   -1.156805    1.244053
   -0.505094   -2.111314   -0.236123
   -1.924541   -0.995063   -0.255004
New internal coordinates:
    1.5385    1.5388    1.5386    1.1105    1.1108    1.1105    1.1105    1.1108    1.1106    1.1106
    1.1109    1.1105    1.1106    1.9259    1.9262    1.8959    1.9245    1.9147    1.9154    1.9256
    1.8948    1.9241    1.9153    1.9154    1.8948    1.9245    1.9147    1.9155    1.9050    1.9051
    1.8989    1.9052    1.9044    1.8992    1.9048    1.9053    1.8987   -1.0644    1.0341    3.1196
   -1.0646    1.0344    3.1205    1.0683   -3.1163   -1.0309    1.0626   -3.1223   -1.0370   -3.1396
   -1.0410    1.0444   -1.0685    3.1157    1.0296   -1.0704    1.0280    3.1133    3.1404    1.0414
   -1.0447   -3.1385    1.0463   -1.0390
New gradient (in internal coordinates):
   -0.080537    0.037936   -0.024242    0.022853   -0.003257   -0.004057    0.022864   -0.057017    0.069305    0.041893
    0.031973    0.014388    0.063334    0.000211    0.029017    0.009365   -0.003939   -0.033727    0.009318   -0.022688
   -0.003316   -0.018258   -0.003449    0.008965   -0.012847    0.001642   -0.043031    0.023987    0.011926    0.004201
    0.012650    0.014367   -0.014185    0.012940    0.007339    0.003466    0.006803    0.014763    0.005595    0.006109
   -0.006372   -0.002289    0.016996    0.005801   -0.003367   -0.002853   -0.006040   -0.023290   -0.026662    0.012971
    0.003803    0.004317   -0.015100   -0.019184   -0.038469   -0.010548   -0.027798   -0.031170    0.015884    0.011801
   -0.007484   -0.014626    0.002624    0.005996
Old energy:     0.274637 kcal/mol
New energy:     0.275260 kcal/mol
GRMS:     0.0501

*****  Optimization step:  11 *****
Search direction vector after cartesian iteration (s_k):
    0.000056   -0.000040    0.000015   -0.000017    0.000001    0.000002   -0.000017    0.000040   -0.000050   -0.000030
   -0.000024   -0.000012   -0.000045    0.000057   -0.000052    0.000213    0.000043    0.000302   -0.000085    0.000116
   -0.000182    0.000106    0.000164   -0.000121   -0.000156    0.000026    0.000294   -0.000120   -0.000212    0.000054
   -0.000105   -0.000095   -0.000186    0.000131   -0.000275    0.000200   -0.000129   -0.000757   -0.000800   -0.000796
   -0.000952   -0.000899   -0.000712   -0.000607   -0.000650   -0.000646    0.001801    0.001664    0.001614   -0.000698
   -0.000741   -0.000737    0.000901    0.000848    0.000661    0.001686    0.001549    0.001498    0.001134    0.001081
    0.000894   -0.001935   -0.001798   -0.001747
New cartesian coordinates:
    0.011657    0.003077   -0.358374
   -0.529762    1.360667    0.122331
    1.452694   -0.204940    0.139435
   -0.894178   -1.139131    0.133861
    0.017023   -0.003767   -1.468800
   -0.545560    1.397382    1.232454
    0.116975    2.178550   -0.259781
   -1.560811    1.510648   -0.261982
    1.479938   -0.202845    1.249905
    2.102959    0.610264   -0.242563
    1.841150   -1.176842   -0.231777
   -0.921081   -1.157705    1.244247
   -0.506227   -2.111386   -0.236902
   -1.924776   -0.994170   -0.253654
New internal coordinates:
    1.5386    1.5387    1.5387    1.1105    1.1108    1.1105    1.1105    1.1108    1.1106    1.1105
    1.1109    1.1105    1.1105    1.9260    1.9261    1.8961    1.9245    1.9150    1.9153    1.9257
    1.8946    1.9242    1.9154    1.9153    1.8946    1.9246    1.9150    1.9154    1.9048    1.9052
    1.8988    1.9051    1.9042    1.8993    1.9045    1.9055    1.8986   -1.0652    1.0333    3.1188
   -1.0656    1.0335    3.1198    1.0677   -3.1170   -1.0315    1.0644   -3.1206   -1.0353   -3.1403
   -1.0418    1.0437   -1.0676    3.1166    1.0303   -1.0687    1.0295    3.1148    3.1416    1.0425
   -1.0438   -3.1405    1.0445   -1.0408
New gradient (in internal coordinates):
   -0.043470    0.019673   -0.012845    0.011282   -0.001984   -0.002217    0.011032   -0.028309    0.034128    0.021031
    0.015543    0.007273    0.031099    0.001768    0.018819    0.017324    0.000633   -0.011966    0.002764   -0.011042
   -0.010981   -0.006978    0.003262    0.002866   -0.016253    0.003076   -0.014485    0.009283   -0.002165    0.005869
    0.004989    0.006333   -0.021564    0.016269   -0.009875    0.013348   -0.001380    0.008993   -0.000903   -0.000438
   -0.008446   -0.002927    0.020826    0.008909   -0.000987   -0.000522    0.001999   -0.017506   -0.022400    0.010770
    0.000874    0.001339   -0.009043   -0.014563   -0.038316   -0.005452   -0.024957   -0.029851    0.023899    0.018380
   -0.005373   -0.024277   -0.004772    0.000122
Old energy:     0.275260 kcal/mol
New energy:     0.275348 kcal/mol
GRMS:     0.0499

*****  Optimization step:  12 *****
Search direction vector after cartesian iteration (s_k):
    0.000082   -0.000050    0.000021   -0.000020    0.000003    0.000003   -0.000019    0.000048   -0.000059   -0.000037
   -0.000028   -0.000015   -0.000053   -0.000022   -0.000183   -0.000121    0.000029    0.000313   -0.000091    0.000148
    0.000078    0.000169    0.000037   -0.000103    0.000103   -0.000011    0.000345   -0.000178   -0.000095   -0.000044
   -0.000114   -0.000134    0.000148   -0.000119   -0.000042   -0.000057   -0.000058   -0.000628   -0.000528   -0.000533
   -0.000590   -0.000627   -0.000813   -0.000579   -0.000480   -0.000484    0.001239    0.001399    0.001430   -0.000636
   -0.000536   -0.000541    0.000737    0.000773    0.000960    0.001290    0.001451    0.001481    0.000477    0.000514
    0.000700   -0.001046   -0.001206   -0.001237
New cartesian coordinates:
    0.011819    0.002880   -0.358415
   -0.529791    1.360573    0.122041
    1.452792   -0.204879    0.139532
   -0.894163   -1.139151    0.134028
    0.017208   -0.004034   -1.468821
   -0.546291    1.397268    1.232157
    0.117010    2.178651   -0.259555
   -1.560598    1.510542   -0.262868
    1.480044   -0.203216    1.250051
    2.102861    0.610625   -0.241987
    1.841572   -1.176407   -0.232211
   -0.920157   -1.158227    1.244400
   -0.507359   -2.111566   -0.237469
   -1.924948   -0.993258   -0.252484
New internal coordinates:
    1.5387    1.5387    1.5387    1.1104    1.1108    1.1105    1.1105    1.1109    1.1105    1.1105
    1.1108    1.1105    1.1105    1.9260    1.9259    1.8959    1.9246    1.9153    1.9152    1.9258
    1.8947    1.9244    1.9155    1.9152    1.8947    1.9246    1.9153    1.9152    1.9047    1.9051
    1.8987    1.9050    1.9043    1.8992    1.9045    1.9055    1.8986   -1.0658    1.0328    3.1182
   -1.0662    1.0328    3.1190    1.0671   -3.1175   -1.0320    1.0656   -3.1192   -1.0339   -3.1409
   -1.0423    1.0431   -1.0668    3.1173    1.0312   -1.0674    1.0310    3.1163   -3.1411    1.0430
   -1.0431   -3.1415    1.0433   -1.0420
New gradient (in internal coordinates):
    0.004042   -0.003365    0.001537   -0.002527   -0.000125    0.000136   -0.002834    0.006035   -0.007767   -0.004162
   -0.003842   -0.001350   -0.007177    0.002767    0.002109    0.018416    0.003086    0.009058   -0.003047    0.003904
   -0.014227    0.003191    0.007150   -0.002214   -0.013285    0.002200    0.013123   -0.005710   -0.011711    0.005175
   -0.002706   -0.001901   -0.018851    0.012614   -0.018946    0.016137   -0.006985    0.001697   -0.005096   -0.004720
   -0.004725   -0.000513    0.018015    0.009895    0.003102    0.003478    0.004529   -0.009196   -0.013213    0.006175
   -0.000617   -0.000242   -0.002415   -0.006628   -0.025156   -0.003000   -0.016724   -0.020741    0.020120    0.015907
   -0.002621   -0.020110   -0.006385   -0.002368
Old energy:     0.275348 kcal/mol
New energy:     0.274721 kcal/mol
GRMS:     0.0407

*****  Optimization step:  13 *****
Search direction vector after cartesian iteration (s_k):
    0.000046   -0.000023    0.000011   -0.000009    0.000002    0.000002   -0.000008    0.000022   -0.000026   -0.000017
   -0.000012   -0.000007   -0.000023   -0.000078   -0.000161   -0.000338   -0.000001    0.000131   -0.000043    0.000062
    0.000261    0.000118   -0.000078   -0.000041    0.000261   -0.000027    0.000140   -0.000091    0.000059   -0.000096
   -0.000052   -0.000083    0.000327   -0.000246    0.000176   -0.000231    0.000033   -0.000366   -0.000209   -0.000219
   -0.000238   -0.000316   -0.000691   -0.000448   -0.000292   -0.000301    0.000587    0.000877    0.000948   -0.000431
   -0.000275   -0.000284    0.000451    0.000529    0.000905    0.000752    0.001042    0.001113   -0.000062    0.000016
    0.000392   -0.000239   -0.000529   -0.000600
New cartesian coordinates:
    0.011946    0.002693   -0.358492
   -0.529766    1.360444    0.121838
    1.452847   -0.204886    0.139665
   -0.894146   -1.139183    0.134144
    0.017247   -0.003967   -1.468890
   -0.546736    1.397065    1.231951
    0.117093    2.178600   -0.259497
   -1.560443    1.510418   -0.263394
    1.480040   -0.203385    1.250208
    2.102744    0.610838   -0.241601
    1.841973   -1.176077   -0.232545
   -0.919663   -1.158413    1.244512
   -0.508049   -2.111681   -0.237851
   -1.925088   -0.992665   -0.251647
New internal coordinates:
    1.5387    1.5387    1.5387    1.1104    1.1108    1.1105    1.1105    1.1109    1.1105    1.1105
    1.1108    1.1105    1.1105    1.9259    1.9258    1.8956    1.9246    1.9154    1.9152    1.9259
    1.8949    1.9245    1.9154    1.9152    1.8950    1.9245    1.9155    1.9151    1.9047    1.9050
    1.8986    1.9049    1.9046    1.8989    1.9046    1.9052    1.8986   -1.0662    1.0326    3.1180
   -1.0664    1.0325    3.1183    1.0667   -3.1178   -1.0323    1.0662   -3.1183   -1.0330   -3.1414
   -1.0426    1.0428   -1.0664    3.1179    1.0321   -1.0666    1.0320    3.1174   -3.1412    1.0431
   -1.0427    3.1414    1.0428   -1.0426
New gradient (in internal coordinates):
    0.027238   -0.014150    0.008460   -0.008662    0.000926    0.001304   -0.008859    0.021424   -0.026366   -0.015563
   -0.012329   -0.005279   -0.024114    0.002387   -0.007767    0.012005    0.002468    0.016071   -0.004473    0.010608
   -0.010751    0.006167    0.006343   -0.003597   -0.006662    0.000227    0.021940   -0.011045   -0.011554    0.002876
   -0.005606   -0.005098   -0.009597    0.005687   -0.015611    0.011323   -0.007012   -0.002530   -0.005050   -0.004800
   -0.000321    0.001294    0.009966    0.007227    0.004706    0.004957    0.003014   -0.002209   -0.004120    0.001847
   -0.000673   -0.000423    0.001382   -0.000233   -0.008905   -0.001902   -0.007126   -0.009036    0.009802    0.008186
   -0.000486   -0.009008   -0.003784   -0.001874
Old energy:     0.274721 kcal/mol
New energy:     0.273797 kcal/mol
GRMS:     0.0257

*****  Optimization step:  14 *****
Search direction vector after cartesian iteration (s_k):
   -0.000006    0.000009   -0.000002    0.000004    0.000000    0.000000    0.000004   -0.000009    0.000013    0.000006
    0.000006    0.000002    0.000011   -0.000073   -0.000046   -0.000294   -0.000016   -0.000062    0.000009   -0.000042
    0.000240    0.000023   -0.000103    0.000014    0.000220   -0.000015   -0.000091    0.000030    0.000125   -0.000074
    0.000019   -0.000002    0.000253   -0.000186    0.000216   -0.000212    0.000073   -0.000102    0.000003   -0.000006
   -0.000027   -0.000080   -0.000363   -0.000235   -0.000130   -0.000139    0.000118    0.000318    0.000370   -0.000173
   -0.000068   -0.000077    0.000161    0.000214    0.000498    0.000268    0.000468    0.000520   -0.000228   -0.000174
    0.000109    0.000133   -0.000067   -0.000119
New cartesian coordinates:
    0.011975    0.002608   -0.358550
   -0.529728    1.360368    0.121743
    1.452836   -0.204922    0.139773
   -0.894128   -1.139208    0.134199
    0.017174   -0.003771   -1.468954
   -0.546875    1.396928    1.231856
    0.117226    2.178459   -0.259571
   -1.560372    1.510390   -0.263571
    1.479928   -0.203429    1.250308
    2.102653    0.610913   -0.241429
    1.842178   -1.175941   -0.232682
   -0.919493   -1.158425    1.244578
   -0.508184   -2.111665   -0.238068
   -1.925191   -0.992505   -0.251231
New internal coordinates:
    1.5387    1.5387    1.5387    1.1104    1.1108    1.1105    1.1105    1.1109    1.1105    1.1105
    1.1108    1.1105    1.1105    1.9258    1.9257    1.8953    1.9245    1.9153    1.9152    1.9259
    1.8952    1.9246    1.9153    1.9152    1.8952    1.9245    1.9154    1.9151    1.9049    1.9050
    1.8987    1.9049    1.9049    1.8987    1.9048    1.9050    1.8987   -1.0663    1.0326    3.1180
   -1.0664    1.0325    3.1179    1.0664   -3.1179   -1.0325    1.0663   -3.1180   -1.0326   -3.1415
   -1.0427    1.0428   -1.0662    3.1181    1.0326   -1.0664    1.0325    3.1179   -3.1414    1.0429
   -1.0426    3.1416    1.0427   -1.0427
New gradient (in internal coordinates):
    0.019578   -0.009831    0.006020   -0.005850    0.000748    0.000946   -0.005904    0.014527   -0.017779   -0.010624
   -0.008248   -0.003625   -0.016231    0.001136   -0.006559    0.003800    0.000549    0.009653   -0.002274    0.007184
   -0.004300    0.003107    0.002873   -0.001955   -0.001323   -0.000926    0.012935   -0.006715   -0.005219    0.000761
   -0.003591   -0.003216   -0.001597    0.000728   -0.006175    0.004170   -0.003367   -0.002388   -0.002359   -0.002230
    0.001095    0.000900    0.002359    0.003025    0.003054    0.003183    0.000748    0.000752    0.000442   -0.000134
   -0.000105    0.000024    0.001584    0.001779    0.000320   -0.001104   -0.001100   -0.001409    0.001585    0.001779
    0.000321   -0.000710   -0.000714   -0.000405
Old energy:     0.273797 kcal/mol
New energy:     0.273301 kcal/mol
GRMS:     0.0107

*****  Optimization step:  15 *****
Search direction vector after cartesian iteration (s_k):
   -0.000022    0.000015   -0.000006    0.000006   -0.000001   -0.000001    0.000006   -0.000015    0.000019    0.000011
    0.000009    0.000004    0.000017   -0.000026    0.000026   -0.000088   -0.000008   -0.000091    0.000020   -0.000057
    0.000082   -0.000020   -0.000044    0.000021    0.000065    0.000004   -0.000120    0.000057    0.000066   -0.000018
    0.000033    0.000028    0.000060   -0.000045    0.000089   -0.000070    0.000041    0.000020    0.000039    0.000036
    0.000019    0.000013   -0.000056   -0.000051   -0.000032   -0.000036   -0.000033    0.000004    0.000015   -0.000010
    0.000009    0.000005    0.000003    0.000009    0.000079    0.000020    0.000057    0.000068   -0.000092   -0.000086
   -0.000017    0.000085    0.000049    0.000038
New cartesian coordinates:
    0.011951    0.002610   -0.358566
   -0.529712    1.360361    0.121727
    1.452806   -0.204941    0.139811
   -0.894117   -1.139213    0.134210
    0.017109   -0.003674   -1.468977
   -0.546862    1.396905    1.231840
    0.117312    2.178372   -0.259638
   -1.560363    1.510426   -0.263571
    1.479840   -0.203432    1.250332
    2.102621    0.610915   -0.241405
    1.842195   -1.175941   -0.232677
   -0.919470   -1.158419    1.244598
   -0.508077   -2.111604   -0.238141
   -1.925234   -0.992564   -0.251145
New internal coordinates:
    1.5387    1.5387    1.5387    1.1104    1.1108    1.1105    1.1105    1.1109    1.1105    1.1105
    1.1108    1.1105    1.1105    1.9258    1.9258    1.8952    1.9245    1.9153    1.9152    1.9258
    1.8952    1.9245    1.9152    1.9152    1.8952    1.9245    1.9153    1.9152    1.9049    1.9049
    1.8987    1.9049    1.9050    1.8987    1.9049    1.9049    1.8987   -1.0663    1.0326    3.1180
   -1.0664    1.0325    3.1179    1.0664   -3.1179   -1.0325    1.0663   -3.1180   -1.0326   -3.1415
   -1.0426    1.0428   -1.0662    3.1181    1.0327   -1.0663    1.0326    3.1180   -3.1415    1.0428
   -1.0426   -3.1415    1.0427   -1.0427
New gradient (in internal coordinates):
    0.005462   -0.002709    0.001653   -0.001567    0.000224    0.000262   -0.001568    0.003905   -0.004759   -0.002872
   -0.002196   -0.000987   -0.004339    0.000321   -0.001931    0.000116   -0.000325    0.002481   -0.000324    0.002075
   -0.000761    0.000234    0.000626   -0.000383    0.000164   -0.000738    0.003224   -0.001675   -0.000858    0.000028
   -0.001028   -0.000813    0.000617   -0.000290   -0.000766    0.000675   -0.000729   -0.000781   -0.000469   -0.000404
    0.000276   -0.000185   -0.000392    0.000753    0.001066    0.001130   -0.000023    0.000615    0.000673   -0.000114
    0.000198    0.000263    0.000549    0.001010    0.001217   -0.000525    0.000114    0.000171   -0.000409    0.000052
    0.000259    0.000919    0.000281    0.000223
Old energy:     0.273301 kcal/mol
New energy:     0.273528 kcal/mol
GRMS:     0.0028

*****  Optimization step:  16 *****
Search direction vector after cartesian iteration (s_k):
   -0.000008    0.000005   -0.000002    0.000002   -0.000000   -0.000000    0.000002   -0.000005    0.000006    0.000004
    0.000003    0.000001    0.000006   -0.000002    0.000016    0.000004    0.000001   -0.000031    0.000006   -0.000021
    0.000004   -0.000008   -0.000005    0.000006   -0.000001    0.000006   -0.000040    0.000021    0.000010    0.000002
    0.000012    0.000013   -0.000010    0.000005    0.000008   -0.000002    0.000008    0.000013    0.000007    0.000007
    0.000004    0.000011    0.000018   -0.000003   -0.000009   -0.000010   -0.000007   -0.000020   -0.000022    0.000007
    0.000001    0.000000   -0.000009   -0.000016   -0.000023   -0.000002   -0.000014   -0.000016    0.000002   -0.000005
   -0.000012   -0.000006    0.000006    0.000008
New cartesian coordinates:
    0.011936    0.002621   -0.358567
   -0.529711    1.360368    0.121729
    1.452794   -0.204943    0.139815
   -0.894114   -1.139212    0.134210
    0.017092   -0.003663   -1.468980
   -0.546850    1.396913    1.231842
    0.117337    2.178352   -0.259653
   -1.560365    1.510448   -0.263562
    1.479817   -0.203433    1.250332
    2.102617    0.610910   -0.241410
    1.842177   -1.175955   -0.232658
   -0.919464   -1.158427    1.244601
   -0.508023   -2.111579   -0.238157
   -1.925243   -0.992601   -0.251141
New internal coordinates:
    1.5387    1.5387    1.5387    1.1104    1.1108    1.1105    1.1105    1.1108    1.1105    1.1105
    1.1108    1.1105    1.1105    1.9258    1.9258    1.8952    1.9245    1.9152    1.9152    1.9258
    1.8952    1.9245    1.9152    1.9152    1.8952    1.9245    1.9152    1.9152    1.9049    1.9049
    1.8987    1.9049    1.9049    1.8987    1.9049    1.9049    1.8987   -1.0663    1.0326    3.1180
   -1.0664    1.0325    3.1179    1.0664   -3.1179   -1.0325    1.0663   -3.1180   -1.0326   -3.1415
   -1.0426    1.0428   -1.0662    3.1181    1.0327   -1.0663    1.0325    3.1180   -3.1415    1.0428
   -1.0426   -3.1415    1.0427   -1.0427
New gradient (in internal coordinates):
    0.000440   -0.000237    0.000107   -0.000116    0.000019    0.000019   -0.000115    0.000294   -0.000355   -0.000223
   -0.000164   -0.000080   -0.000324    0.000116   -0.000099   -0.000331   -0.000281    0.000242    0.000121    0.000282
   -0.000068   -0.000343    0.000090    0.000024    0.000090   -0.000327    0.000252   -0.000112    0.000089   -0.000022
   -0.000148   -0.000085    0.000372   -0.000054    0.000189    0.000069   -0.000067   -0.000092   -0.000005    0.000036
   -0.000295   -0.000559   -0.000555    0.000276    0.000362    0.000403    0.000001    0.000189    0.000193    0.000125
    0.000212    0.000253    0.000152    0.000416    0.000412   -0.000268   -0.000080   -0.000076   -0.000082    0.000182
    0.000178    0.000406    0.000218    0.000214
Old energy:     0.273528 kcal/mol
New energy:     0.273831 kcal/mol
GRMS:     0.0008

