*****  Optimization step:   1 *****
Search direction vector after cartesian iteration (s_k):
   -0.002027    0.001334   -0.009334    0.008382    0.034061   -0.033649    0.000194   -0.026731    0.027320    0.009139
New cartesian coordinates:
   -0.008272    1.087655    0.016043
    0.185725   -0.005400    0.093103
    1.015125    1.477754    0.184810
   -0.571966    1.485191   -0.870069
   -0.534112    1.433800    0.916113
New internal coordinates:
    1.1128    1.1082    1.1229    1.0984    1.7459    2.0828    1.9137    2.0478    1.7787    1.8700
New gradient (in internal coordinates):
    1.965738   -1.293958    9.053418   -8.130507  -11.789074   11.754145   -0.027042    9.337072   -9.462348   -3.123228
Old energy:     0.000000 kcal/mol
New energy:     3.423466 kcal/mol
GRMS:    10.7071

*****  Optimization step:   2 *****
Search direction vector after cartesian iteration (s_k):
   -0.000627    0.000413   -0.002888    0.002593    0.034390   -0.034636   -0.000038   -0.027500    0.027638    0.008983
New cartesian coordinates:
   -0.003370    1.089653    0.026386
    0.169492   -0.007398    0.085916
    1.019301    1.492382    0.170842
   -0.556650    1.475606   -0.867720
   -0.542273    1.428757    0.924576
New internal coordinates:
    1.1122    1.1086    1.1200    1.1010    1.7803    2.0481    1.9137    2.0203    1.8063    1.8790
New gradient (in internal coordinates):
    1.526743   -1.005130    7.031996   -6.315202   -9.292694    9.436466    0.051527    7.504064   -7.456434   -2.396663
Old energy:     3.423466 kcal/mol
New energy:     2.160263 kcal/mol
GRMS:     8.4930

*****  Optimization step:   3 *****
Search direction vector after cartesian iteration (s_k):
   -0.000567    0.000373   -0.002609    0.002343    0.034087   -0.034998   -0.000307   -0.027807    0.027404    0.008649
New cartesian coordinates:
    0.001706    1.091506    0.036944
    0.153219   -0.008949    0.078528
    1.022902    1.506832    0.156961
   -0.541220    1.465829   -0.865153
   -0.550107    1.423782    0.932720
New internal coordinates:
    1.1116    1.1089    1.1174    1.1033    1.8144    2.0131    1.9134    1.9925    1.8337    1.8876
New gradient (in internal coordinates):
    1.130139   -0.744142    5.205630   -4.675048   -6.834121    7.070304    0.097782    5.632564   -5.476292   -1.712630
Old energy:     2.160263 kcal/mol
New energy:     1.188967 kcal/mol
GRMS:     6.2665

*****  Optimization step:   4 *****
Search direction vector after cartesian iteration (s_k):
   -0.000563    0.000371   -0.002594    0.002330    0.033775   -0.035347   -0.000612   -0.028139    0.027114    0.008312
New cartesian coordinates:
    0.006956    1.093186    0.047634
    0.136871   -0.009999    0.070863
    1.025934    1.521129    0.143084
   -0.525533    1.455762   -0.862239
   -0.557729    1.418921    0.940657
New internal coordinates:
    1.1111    1.1093    1.1148    1.1057    1.8482    1.9778    1.9128    1.9644    1.8608    1.8959
New gradient (in internal coordinates):
    0.735860   -0.484642    3.389850   -3.044385   -4.415659    4.655774    0.106840    3.718621   -3.529127   -1.073236
Old energy:     1.188967 kcal/mol
New energy:     0.505532 kcal/mol
GRMS:     4.0577

*****  Optimization step:   5 *****
Search direction vector after cartesian iteration (s_k):
   -0.000562    0.000370   -0.002590    0.002326    0.033455   -0.035698   -0.000955   -0.028499    0.026776    0.007971
New cartesian coordinates:
    0.012392    1.094675    0.058453
    0.120427   -0.010537    0.062927
    1.028382    1.535294    0.129193
   -0.509562    1.445403   -0.858967
   -0.565139    1.414165    0.948395
New internal coordinates:
    1.1105    1.1097    1.1123    1.1080    1.8816    1.9421    1.9118    1.9359    1.8876    1.9039
New gradient (in internal coordinates):
    0.342224   -0.225493    1.576822   -1.416169   -2.040247    2.191848    0.073093    1.757763   -1.622296   -0.480787
Old energy:     0.505532 kcal/mol
New energy:     0.109962 kcal/mol
GRMS:     1.8762

*****  Optimization step:   6 *****
Search direction vector after cartesian iteration (s_k):
   -0.000490    0.000323   -0.002258    0.002028    0.028975   -0.031490   -0.001154   -0.025234    0.023082    0.006691
New cartesian coordinates:
    0.017307    1.095807    0.068015
    0.105952   -0.010579    0.055777
    1.030024    1.547585    0.117030
   -0.495351    1.436110   -0.855817
   -0.571432    1.410076    0.954994
New internal coordinates:
    1.1100    1.1100    1.1100    1.1100    1.9106    1.9106    1.9107    1.9106    1.9107    1.9106
New gradient (in internal coordinates):
   -0.000801    0.000488   -0.003564    0.003182   -0.001936   -0.003173    0.002702    0.001170    0.004141   -0.002905
Old energy:     0.109962 kcal/mol
New energy:     0.000053 kcal/mol
GRMS:     0.0032

*****  Optimization step:   7 *****
Search direction vector after cartesian iteration (s_k):
    0.000001   -0.000001    0.000005   -0.000004    0.000007    0.000028   -0.000018   -0.000002   -0.000033    0.000018
New cartesian coordinates:
    0.017303    1.095804    0.068007
    0.105950   -0.010583    0.055790
    1.030014    1.547590    0.117037
   -0.495351    1.436120   -0.855828
   -0.571415    1.410070    0.954995
New internal coordinates:
    1.1100    1.1100    1.1100    1.1100    1.9106    1.9106    1.9107    1.9106    1.9107    1.9106
New gradient (in internal coordinates):
   -0.000013    0.000015   -0.000082    0.000077   -0.001476   -0.001204    0.001460    0.001015    0.001854   -0.001649
Old energy:     0.000053 kcal/mol
New energy:     0.000053 kcal/mol
GRMS:     0.0018

*****  Optimization step:   8 *****
Search direction vector after cartesian iteration (s_k):
    0.000000   -0.000000    0.000001   -0.000001    0.000018    0.000018   -0.000020   -0.000012   -0.000026    0.000022
New cartesian coordinates:
    0.017300    1.095800    0.068000
    0.105941   -0.010588    0.055799
    1.030005    1.547600    0.117039
   -0.495344    1.436125   -0.855838
   -0.571402    1.410062    0.954999
New internal coordinates:
    1.1100    1.1100    1.1100    1.1100    1.9106    1.9106    1.9106    1.9106    1.9106    1.9106
New gradient (in internal coordinates):
    0.000114   -0.000076    0.000529   -0.000476   -0.000191    0.000044    0.000090    0.000151    0.000025   -0.000120
Old energy:     0.000053 kcal/mol
New energy:     0.000053 kcal/mol
GRMS:     0.0003

