*****  Optimization step:   1 *****
Search direction vector after cartesian iteration (s_k):
    0.011731    0.014635    0.016861    0.017001    0.014631    0.016933    0.016852    0.018470    0.018440    0.018142
    0.018484    0.018230    0.018414   -0.005241   -0.000595   -0.000626   -0.005352   -0.000622   -0.000544   -0.000141
   -0.000783   -0.008917   -0.008799   -0.007712    0.007860   -0.000739   -0.000133   -0.008846   -0.007689   -0.008742
    0.007868    0.009224    0.008607    0.008562    0.008560    0.009156    0.008515    0.001281   -0.003585    0.005322
    0.000056    0.000197    0.000114    0.005294    0.000428    0.009335   -0.003570   -0.008436    0.000471    0.000069
    0.000132    0.000208   -0.004270   -0.004411   -0.004329    0.004647    0.004506    0.004588    0.004672    0.004609
    0.004532   -0.004285   -0.004348   -0.004424
New cartesian coordinates:
   -0.565418    0.521976    0.006589
    0.565429   -0.521982    0.006587
   -1.943803   -0.153244   -0.006861
    1.943837    0.153188   -0.006862
   -0.473295    1.178856   -0.887347
   -0.483315    1.167538    0.909689
    0.483344   -1.167601    0.909636
    0.473269   -1.178863   -0.887343
   -2.061066   -0.782186   -0.917774
   -2.071464   -0.796406    0.892646
   -2.743191    0.620802   -0.005405
    2.061007    0.782166   -0.917764
    2.743190   -0.620913   -0.005494
    2.071478    0.796269    0.892702
New internal coordinates:
    1.5390    1.5349    1.1131    1.1131    1.5349    1.1131    1.1131    1.1131    1.1131    1.1127
    1.1131    1.1127    1.1131    1.9406    1.9171    1.9169    1.9406    1.9169    1.9171    1.9038
    1.9055    1.9287    1.9285    1.9168    1.8788    1.9055    1.9038    1.9286    1.9167    1.9284
    1.8788    1.8994    1.8949    1.8949    1.8949    1.8995    1.8950    3.1228   -1.0494    1.0138
    1.0527   -1.0505   -3.1404    1.0138    3.1248   -1.0952   -1.0495    1.0615    3.1247    1.0526
   -3.1405   -1.0506    1.0641   -3.1158   -1.0259    3.1129   -1.0671    1.0228    3.1129    1.0228
   -1.0671    1.0642   -1.0258   -3.1158
New gradient (in internal coordinates):
    0.667589    0.390728    1.771774    1.783081    0.389386    1.776662    1.771368    1.890642    1.887147    1.847789
    1.891867    1.856711    1.884310    0.390800    0.062035    0.060140    0.393110    0.061574    0.060352   -0.015491
    0.032025    0.751957    0.741373    0.635724   -0.561165    0.030418   -0.014824    0.746068    0.634116    0.736503
   -0.562465   -0.763612   -0.715998   -0.711997   -0.712279   -0.758085   -0.708255   -0.094225    0.241813   -0.372090
    0.003134   -0.017710   -0.006293   -0.370860   -0.034822   -0.648725    0.241305    0.577342   -0.036561    0.002167
   -0.007477   -0.018406    0.314296    0.335140    0.323723   -0.350971   -0.330127   -0.341544   -0.352250   -0.342606
   -0.331677    0.315104    0.324748    0.335677
Old energy:     0.000000 kcal/mol
New energy:     0.188330 kcal/mol
GRMS:     2.1789

*****  Optimization step:   2 *****
Search direction vector after cartesian iteration (s_k):
   -0.000551   -0.000013   -0.002032   -0.002043   -0.000011   -0.002036   -0.002031   -0.002149   -0.002145   -0.002097
   -0.002150   -0.002107   -0.002141   -0.003721   -0.000705   -0.000759   -0.003743   -0.000772   -0.000691   -0.000062
   -0.000510   -0.004973   -0.004901   -0.004176    0.006055   -0.000497   -0.000067   -0.004934   -0.004166   -0.004870
    0.006070    0.004970    0.004724    0.004703    0.004701    0.004934    0.004677    0.001060   -0.002508    0.004031
   -0.000013    0.000193    0.000080    0.004019    0.000452    0.006990   -0.002500   -0.006068    0.000471   -0.000004
    0.000091    0.000199   -0.003279   -0.003485   -0.003372    0.003679    0.003473    0.003586    0.003692    0.003597
    0.003489   -0.003289   -0.003384   -0.003492
New cartesian coordinates:
   -0.563932    0.523164    0.006115
    0.563940   -0.523197    0.006109
   -1.941458   -0.153793   -0.006595
    1.941475    0.153742   -0.006600
   -0.471853    1.175934   -0.888308
   -0.481574    1.164897    0.909405
    0.481595   -1.164983    0.909358
    0.471840   -1.175964   -0.888314
   -2.052925   -0.780611   -0.917076
   -2.062697   -0.794269    0.893067
   -2.737084    0.621116   -0.005062
    2.052876    0.780605   -0.917058
    2.737084   -0.621190   -0.005151
    2.062712    0.794149    0.893109
New internal coordinates:
    1.5385    1.5349    1.1111    1.1111    1.5349    1.1111    1.1111    1.1110    1.1110    1.1106
    1.1110    1.1106    1.1110    1.9369    1.9164    1.9161    1.9369    1.9161    1.9164    1.9037
    1.9050    1.9237    1.9236    1.9126    1.8849    1.9050    1.9037    1.9237    1.9126    1.9235
    1.8848    1.9044    1.8996    1.8996    1.8996    1.9044    1.8997    3.1239   -1.0519    1.0178
    1.0527   -1.0503   -3.1404    1.0178    3.1252   -1.0883   -1.0520    1.0554    3.1252    1.0526
   -3.1404   -1.0504    1.0609   -3.1193   -1.0293    3.1165   -1.0636    1.0264    3.1166    1.0264
   -1.0636    1.0609   -1.0292   -3.1192
New gradient (in internal coordinates):
    0.119292    0.242579    0.331724    0.333911    0.242362    0.332536    0.331594    0.367768    0.366835    0.375005
    0.368075    0.376878    0.366302    0.051323    0.109870    0.113963    0.051533    0.115283    0.109363    0.077263
    0.110670    0.375492    0.369151    0.348954   -0.477929    0.110248    0.077953    0.372308    0.348122    0.366546
   -0.479283   -0.385099   -0.365945   -0.363990   -0.364029   -0.382225   -0.361954   -0.083075    0.164270   -0.285963
   -0.006219   -0.006403   -0.005492   -0.285295   -0.037950   -0.488183    0.163772    0.411117   -0.039116   -0.006889
   -0.006325   -0.006880    0.226321    0.226505    0.225593   -0.241237   -0.241053   -0.241965   -0.242083   -0.242647
   -0.242091    0.226951    0.226387    0.226943
Old energy:     0.188330 kcal/mol
New energy:    -0.081821 kcal/mol
GRMS:     1.0617

*****  Optimization step:   3 *****
Search direction vector after cartesian iteration (s_k):
   -0.000016   -0.000153   -0.000815   -0.000819   -0.000152   -0.000815   -0.000815   -0.000888   -0.000885   -0.000912
   -0.000889   -0.000916   -0.000884   -0.003399   -0.001952   -0.002140   -0.003416   -0.002165   -0.001938   -0.001254
   -0.002008   -0.006252   -0.006147   -0.005679    0.011109   -0.001998   -0.001264   -0.006199   -0.005665   -0.006105
    0.011140    0.006329    0.006007    0.005983    0.005976    0.006283    0.005949    0.002144   -0.003959    0.007182
    0.000139    0.000196    0.000149    0.007167    0.001063    0.012204   -0.003944   -0.010047    0.001094    0.000155
    0.000168    0.000207   -0.005526   -0.005582   -0.005535    0.005979    0.005922    0.005969    0.005999    0.005986
    0.005947   -0.005542   -0.005556   -0.005594
New cartesian coordinates:
   -0.562818    0.524344    0.005158
    0.562817   -0.524401    0.005144
   -1.939352   -0.154310   -0.006029
    1.939349    0.154257   -0.006041
   -0.471394    1.171333   -0.892515
   -0.480337    1.160873    0.911107
    0.480340   -1.160971    0.911066
    0.471390   -1.171378   -0.892538
   -2.044254   -0.779544   -0.917296
   -2.052708   -0.792088    0.895482
   -2.730906    0.623458   -0.004343
    2.044232    0.779550   -0.917270
    2.730907   -0.623505   -0.004429
    2.052735    0.791982    0.895504
New internal coordinates:
    1.5385    1.5348    1.1103    1.1103    1.5348    1.1103    1.1103    1.1101    1.1101    1.1097
    1.1101    1.1097    1.1101    1.9335    1.9145    1.9140    1.9335    1.9140    1.9145    1.9025
    1.9030    1.9175    1.9174    1.9069    1.8960    1.9030    1.9025    1.9175    1.9069    1.9174
    1.8960    1.9107    1.9056    1.9056    1.9056    1.9107    1.9056    3.1260   -1.0559    1.0250
    1.0528   -1.0501   -3.1402    1.0250    3.1263   -1.0761   -1.0559    1.0454    3.1263    1.0528
   -3.1403   -1.0502    1.0553   -3.1249   -1.0348    3.1225   -1.0577    1.0324    3.1226    1.0324
   -1.0577    1.0554   -1.0347   -3.1248
New gradient (in internal coordinates):
   -0.100375    0.004866   -0.256575   -0.259579    0.005442   -0.258678   -0.256541   -0.273636   -0.273349   -0.269318
   -0.273783   -0.270617   -0.272918   -0.150941    0.088212    0.095740   -0.151843    0.096241    0.088670    0.099323
    0.111050   -0.097298   -0.098438   -0.042835   -0.245993    0.111637    0.099535   -0.096763   -0.042653   -0.097963
   -0.246850    0.085943    0.077420    0.077105    0.077001    0.085394    0.076876   -0.062156    0.042623   -0.146917
   -0.011582    0.005807   -0.002352   -0.146932   -0.042153   -0.231693    0.042143    0.146923   -0.042618   -0.011798
   -0.002644    0.005634    0.090564    0.073175    0.081334   -0.084290   -0.101678   -0.093519   -0.084507   -0.093661
   -0.101939    0.090919    0.081765    0.073487
Old energy:    -0.081821 kcal/mol
New energy:    -0.125614 kcal/mol
GRMS:     0.3736

*****  Optimization step:   4 *****
Search direction vector after cartesian iteration (s_k):
    0.000130   -0.000009    0.000171    0.000175   -0.000010    0.000174    0.000171    0.000184    0.000184    0.000180
    0.000184    0.000181    0.000183   -0.000034   -0.001004   -0.001134   -0.000033   -0.001143   -0.001004   -0.000985
   -0.001256   -0.000440   -0.000410   -0.000744    0.004510   -0.001259   -0.000987   -0.000434   -0.000743   -0.000406
    0.004523    0.000581    0.000510    0.000511    0.000508    0.000576    0.000506    0.001208   -0.001120    0.003109
    0.000151   -0.000030    0.000051    0.003106    0.000778    0.005007   -0.001112   -0.003440    0.000789    0.000157
    0.000059   -0.000025   -0.002053   -0.001871   -0.001953    0.002087    0.002268    0.002187    0.002093    0.002191
    0.002275   -0.002060   -0.001961   -0.001878
New cartesian coordinates:
   -0.562850    0.524405    0.004631
    0.562848   -0.524463    0.004614
   -1.939378   -0.154254   -0.005690
    1.939374    0.154199   -0.005704
   -0.472027    1.169273   -0.894839
   -0.480385    1.159238    0.911985
    0.480385   -1.159329    0.911946
    0.472021   -1.169312   -0.894869
   -2.044283   -0.779740   -0.917008
   -2.051973   -0.791597    0.896450
   -2.730484    0.624226   -0.003960
    2.044267    0.779743   -0.916982
    2.730484   -0.624277   -0.004043
    2.052003    0.791490    0.896469
New internal coordinates:
    1.5386    1.5348    1.1105    1.1105    1.5348    1.1105    1.1105    1.1103    1.1103    1.1099
    1.1103    1.1099    1.1103    1.9335    1.9135    1.9128    1.9335    1.9128    1.9135    1.9015
    1.9017    1.9170    1.9170    1.9062    1.9005    1.9017    1.9015    1.9171    1.9062    1.9170
    1.9005    1.9113    1.9061    1.9061    1.9061    1.9113    1.9061    3.1272   -1.0570    1.0281
    1.0530   -1.0502   -3.1402    1.0281    3.1271   -1.0710   -1.0570    1.0420    3.1270    1.0529
   -3.1402   -1.0502    1.0533   -3.1268   -1.0368    3.1246   -1.0554    1.0346    3.1246    1.0346
   -1.0554    1.0533   -1.0367   -3.1267
New gradient (in internal coordinates):
   -0.026721   -0.007886   -0.138824   -0.140566   -0.007712   -0.140082   -0.138809   -0.146346   -0.146162   -0.144201
   -0.146441   -0.144899   -0.145945   -0.061070    0.036660    0.041335   -0.061490    0.041431    0.036998    0.047952
    0.053551   -0.130876   -0.131330   -0.092924   -0.119928    0.054017    0.047909   -0.129928   -0.092648   -0.130536
   -0.120367    0.123470    0.117164    0.116749    0.116526    0.122584    0.116249   -0.052784    0.002215   -0.097305
   -0.006849    0.006005   -0.000035   -0.097407   -0.042408   -0.141928    0.001840    0.056838   -0.042682   -0.006967
   -0.000191    0.005887    0.045048    0.032194    0.038234   -0.040740   -0.053594   -0.047554   -0.040779   -0.047556
   -0.053633    0.045294    0.038517    0.032440
Old energy:    -0.125614 kcal/mol
New energy:    -0.083277 kcal/mol
GRMS:     0.2533

*****  Optimization step:   5 *****
Search direction vector after cartesian iteration (s_k):
    0.000037   -0.000024    0.000224    0.000229   -0.000024    0.000228    0.000224    0.000234    0.000234    0.000232
    0.000234    0.000233    0.000234   -0.000002   -0.000903   -0.001053   -0.000000   -0.001059   -0.000906   -0.001025
   -0.001281    0.000911    0.000936    0.000388    0.004349   -0.001287   -0.001025    0.000906    0.000387    0.000932
    0.004363   -0.000713   -0.000774   -0.000767   -0.000770   -0.000707   -0.000766    0.001722   -0.000561    0.003582
    0.000176   -0.000111    0.000021    0.003581    0.001297    0.005440   -0.000551   -0.002834    0.001309    0.000182
    0.000029   -0.000105   -0.001954   -0.001668   -0.001799    0.001953    0.002239    0.002108    0.001957    0.002110
    0.002244   -0.001963   -0.001810   -0.001676
New cartesian coordinates:
   -0.562806    0.524480    0.003896
    0.562804   -0.524538    0.003877
   -1.939391   -0.154026   -0.005190
    1.939389    0.153968   -0.005204
   -0.472756    1.167160   -0.897493
   -0.480188    1.157887    0.912513
    0.480191   -1.157970    0.912476
    0.472747   -1.167192   -0.897529
   -2.045921   -0.780330   -0.916043
   -2.052546   -0.791108    0.897352
   -2.730880    0.624396   -0.003465
    2.045905    0.780328   -0.916019
    2.730879   -0.624453   -0.003544
    2.052573    0.790997    0.897372
New internal coordinates:
    1.5386    1.5347    1.1107    1.1107    1.5347    1.1107    1.1107    1.1105    1.1105    1.1101
    1.1105    1.1101    1.1105    1.9334    1.9126    1.9118    1.9335    1.9118    1.9126    1.9005
    1.9004    1.9180    1.9179    1.9066    1.9049    1.9004    1.9005    1.9180    1.9066    1.9179
    1.9049    1.9106    1.9053    1.9054    1.9053    1.9106    1.9053    3.1289   -1.0576    1.0317
    1.0532   -1.0503   -3.1401    1.0317    3.1284   -1.0656   -1.0576    1.0391    3.1284    1.0531
   -3.1402   -1.0503    1.0513   -3.1284   -1.0386    3.1266   -1.0532    1.0367    3.1266    1.0367
   -1.0532    1.0514   -1.0385   -3.1284
New gradient (in internal coordinates):
    0.010248   -0.012618    0.017819    0.017535   -0.012808    0.017483    0.017821    0.018543    0.018526    0.018242
    0.018539    0.018324    0.018484    0.038400   -0.013331   -0.013871    0.038524   -0.014027   -0.013275   -0.007977
   -0.007070   -0.065395   -0.065778   -0.061956    0.003590   -0.006927   -0.008143   -0.064828   -0.061797   -0.065328
    0.003587    0.064118    0.065297    0.065187    0.064941    0.063612    0.064866   -0.041832   -0.035186   -0.047493
    0.000811    0.004517    0.002846   -0.047584   -0.040938   -0.053245   -0.035341   -0.028695   -0.041002    0.000727
    0.002769    0.004417    0.001439   -0.002267   -0.000596   -0.002955   -0.006661   -0.004990   -0.002847   -0.004889
   -0.006537    0.001564   -0.000478   -0.002126
Old energy:    -0.083277 kcal/mol
New energy:    -0.081621 kcal/mol
GRMS:     0.0952

*****  Optimization step:   6 *****
Search direction vector after cartesian iteration (s_k):
   -0.000012    0.000003    0.000016    0.000018    0.000003    0.000018    0.000016    0.000017    0.000017    0.000017
    0.000017    0.000017    0.000017   -0.000253   -0.000069   -0.000093   -0.000253   -0.000093   -0.000070   -0.000165
   -0.000220    0.000742    0.000750    0.000593    0.000818   -0.000224   -0.000163    0.000736    0.000591    0.000745
    0.000821   -0.000679   -0.000714   -0.000710   -0.000710   -0.000673   -0.000707    0.000949    0.000451    0.001357
    0.000019   -0.000086   -0.000038    0.001358    0.000861    0.001766    0.000455   -0.000042    0.000863    0.000022
   -0.000035   -0.000084   -0.000368   -0.000262   -0.000311    0.000395    0.000501    0.000452    0.000394    0.000451
    0.000500   -0.000371   -0.000314   -0.000266
New cartesian coordinates:
   -0.562670    0.524616    0.003504
    0.562670   -0.524673    0.003484
   -1.939258   -0.153901   -0.004903
    1.939257    0.153843   -0.004917
   -0.472940    1.166661   -0.898388
   -0.479822    1.157944    0.912176
    0.479829   -1.158026    0.912140
    0.472932   -1.166692   -0.898426
   -2.046845   -0.780735   -0.915287
   -2.052920   -0.790828    0.897706
   -2.731224    0.624061   -0.003237
    2.046826    0.780731   -0.915266
    2.731223   -0.624119   -0.003314
    2.052942    0.790717    0.897727
New internal coordinates:
    1.5386    1.5347    1.1107    1.1107    1.5347    1.1107    1.1107    1.1105    1.1105    1.1102
    1.1105    1.1102    1.1105    1.9332    1.9125    1.9117    1.9332    1.9117    1.9125    1.9003
    1.9002    1.9187    1.9187    1.9072    1.9057    1.9002    1.9003    1.9187    1.9072    1.9187
    1.9057    1.9099    1.9046    1.9046    1.9046    1.9099    1.9046    3.1299   -1.0571    1.0330
    1.0532   -1.0503   -3.1402    1.0330    3.1292   -1.0638   -1.0571    1.0391    3.1292    1.0532
   -3.1402   -1.0504    1.0510   -3.1287   -1.0389    3.1270   -1.0527    1.0371    3.1270    1.0372
   -1.0527    1.0510   -1.0388   -3.1287
New gradient (in internal coordinates):
    0.006633   -0.005687    0.029565    0.029468   -0.005811    0.029368    0.029563    0.031141    0.031124    0.030921
    0.031153    0.031069    0.031069    0.032552   -0.013844   -0.016544    0.032683   -0.016639   -0.013874   -0.012104
   -0.011827   -0.012175   -0.012625   -0.018345    0.021909   -0.011811   -0.012195   -0.012031   -0.018302   -0.012531
    0.021978    0.012357    0.015542    0.015623    0.015462    0.012240    0.015535   -0.037478   -0.042267   -0.034022
    0.003386    0.003822    0.003691   -0.034070   -0.038859   -0.030614   -0.042307   -0.047096   -0.038851    0.003285
    0.003608    0.003715   -0.008066   -0.008502   -0.008372    0.004468    0.004032    0.004162    0.004595    0.004272
    0.004165   -0.007979   -0.008301   -0.008408
Old energy:    -0.081621 kcal/mol
New energy:    -0.084056 kcal/mol
GRMS:     0.0474

*****  Optimization step:   7 *****
Search direction vector after cartesian iteration (s_k):
   -0.000009    0.000009   -0.000026   -0.000025    0.000009   -0.000025   -0.000026   -0.000027   -0.000027   -0.000027
   -0.000027   -0.000027   -0.000027   -0.000299    0.000087    0.000113   -0.000300    0.000114    0.000087    0.000009
   -0.000012    0.000480    0.000487    0.000453    0.000106   -0.000014    0.000011    0.000476    0.000452    0.000484
    0.000106   -0.000448   -0.000494   -0.000492   -0.000491   -0.000445   -0.000490    0.001098    0.000965    0.001219
   -0.000047   -0.000106   -0.000080    0.001220    0.001087    0.001340    0.000967    0.000834    0.001087   -0.000044
   -0.000077   -0.000103   -0.000025    0.000035    0.000008    0.000101    0.000160    0.000134    0.000098    0.000131
    0.000157   -0.000028    0.000005    0.000031
New cartesian coordinates:
   -0.562531    0.524758    0.003058
    0.562532   -0.524815    0.003037
   -1.939102   -0.153824   -0.004563
    1.939102    0.153767   -0.004576
   -0.473129    1.166373   -0.899141
   -0.479364    1.158393    0.911456
    0.479374   -1.158476    0.911419
    0.473120   -1.166403   -0.899180
   -2.047471   -0.781193   -0.914453
   -2.052936   -0.790433    0.898216
   -2.731432    0.623728   -0.003000
    2.047450    0.781188   -0.914433
    2.731432   -0.623786   -0.003076
    2.052955    0.790323    0.898237
New internal coordinates:
    1.5386    1.5348    1.1107    1.1107    1.5348    1.1107    1.1107    1.1105    1.1105    1.1101
    1.1105    1.1101    1.1105    1.9329    1.9126    1.9118    1.9329    1.9118    1.9126    1.9003
    1.9002    1.9192    1.9192    1.9076    1.9058    1.9002    1.9003    1.9192    1.9076    1.9192
    1.9058    1.9095    1.9041    1.9041    1.9041    1.9095    1.9042    3.1310   -1.0561    1.0342
    1.0531   -1.0505   -3.1403    1.0342    3.1303   -1.0625   -1.0561    1.0399    3.1303    1.0531
   -3.1403   -1.0505    1.0509   -3.1287   -1.0389    3.1271   -1.0525    1.0373    3.1271    1.0373
   -1.0525    1.0510   -1.0388   -3.1286
New gradient (in internal coordinates):
    0.000628    0.001483    0.011939    0.011748    0.001486    0.011706    0.011937    0.012336    0.012356    0.012275
    0.012346    0.012336    0.012339    0.004594   -0.004183   -0.008092    0.004627   -0.008092   -0.004237   -0.005500
   -0.005407    0.021907    0.021540    0.014921    0.018909   -0.005455   -0.005496    0.021753    0.014881    0.021392
    0.018975   -0.021394   -0.018873   -0.018699   -0.018762   -0.021242   -0.018617   -0.033314   -0.042377   -0.026679
    0.004560    0.003453    0.004012   -0.026688   -0.035751   -0.020053   -0.042338   -0.051401   -0.035703    0.004449
    0.003918    0.003345   -0.010410   -0.009303   -0.009862    0.006060    0.007167    0.006608    0.006181    0.006712
    0.007284   -0.010342   -0.009812   -0.009239
Old energy:    -0.084056 kcal/mol
New energy:    -0.085481 kcal/mol
GRMS:     0.0534

*****  Optimization step:   8 *****
Search direction vector after cartesian iteration (s_k):
   -0.000004    0.000010   -0.000034   -0.000032    0.000010   -0.000032   -0.000034   -0.000034   -0.000034   -0.000035
   -0.000034   -0.000035   -0.000034   -0.000279    0.000114    0.000196   -0.000279    0.000197    0.000114    0.000045
    0.000027    0.000314    0.000326    0.000342   -0.000104    0.000025    0.000046    0.000311    0.000341    0.000324
   -0.000104   -0.000287   -0.000353   -0.000352   -0.000351   -0.000285   -0.000351    0.001821    0.001804    0.001867
   -0.000127   -0.000178   -0.000156    0.001869    0.001851    0.001914    0.001805    0.001787    0.001851   -0.000122
   -0.000151   -0.000173    0.000124    0.000174    0.000153    0.000040    0.000091    0.000069    0.000035    0.000065
    0.000086    0.000119    0.000148    0.000170
New cartesian coordinates:
   -0.562408    0.524886    0.002320
    0.562410   -0.524944    0.002298
   -1.938960   -0.153771   -0.003995
    1.938961    0.153714   -0.004008
   -0.473552    1.165896   -0.900321
   -0.478718    1.159191    0.910165
    0.478731   -1.159276    0.910125
    0.473543   -1.165925   -0.900363
   -2.048129   -0.781927   -0.913203
   -2.052603   -0.789715    0.899234
   -2.731567    0.623449   -0.002624
    2.048107    0.781920   -0.913186
    2.731567   -0.623506   -0.002696
    2.052618    0.789608    0.899255
New internal coordinates:
    1.5386    1.5348    1.1107    1.1106    1.5348    1.1106    1.1107    1.1105    1.1105    1.1101
    1.1105    1.1101    1.1105    1.9326    1.9127    1.9120    1.9326    1.9120    1.9127    1.9003
    1.9002    1.9195    1.9195    1.9079    1.9057    1.9002    1.9004    1.9195    1.9079    1.9195
    1.9057    1.9092    1.9038    1.9038    1.9038    1.9092    1.9038    3.1328   -1.0543    1.0361
    1.0530   -1.0506   -3.1404    1.0361    3.1322   -1.0606   -1.0543    1.0417    3.1322    1.0530
   -3.1404   -1.0507    1.0511   -3.1285   -1.0387    3.1271   -1.0524    1.0373    3.1271    1.0374
   -1.0524    1.0511   -1.0387   -3.1285
New gradient (in internal coordinates):
   -0.003556    0.007900   -0.010901   -0.011203    0.008025   -0.011169   -0.010901   -0.011787   -0.011721   -0.011741
   -0.011784   -0.011794   -0.011694   -0.026369    0.007849    0.003121   -0.026446    0.003211    0.007794    0.002894
    0.002602    0.044029    0.043930    0.040200    0.010315    0.002509    0.002987    0.043668    0.040096    0.043620
    0.010358   -0.043333   -0.043207   -0.043001   -0.042965   -0.042996   -0.042794   -0.026781   -0.038256   -0.018818
    0.005305    0.003048    0.004080   -0.018786   -0.030262   -0.010823   -0.038151   -0.049626   -0.030188    0.005199
    0.003985    0.002953   -0.010110   -0.007853   -0.008885    0.005512    0.007769    0.006737    0.005613    0.006827
    0.007859   -0.010060   -0.008846   -0.007814
Old energy:    -0.085481 kcal/mol
New energy:    -0.086227 kcal/mol
GRMS:     0.0739

*****  Optimization step:   9 *****
Search direction vector after cartesian iteration (s_k):
   -0.000003    0.000009   -0.000037   -0.000033    0.000010   -0.000032   -0.000037   -0.000036   -0.000036   -0.000037
   -0.000036   -0.000037   -0.000036   -0.000232    0.000103    0.000318   -0.000233    0.000319    0.000103    0.000058
    0.000037    0.000161    0.000183    0.000239   -0.000289    0.000035    0.000060    0.000159    0.000238    0.000182
   -0.000289   -0.000129   -0.000229   -0.000231   -0.000228   -0.000127   -0.000230    0.003793    0.003895    0.003799
   -0.000317   -0.000375   -0.000351    0.003801    0.003903    0.003807    0.003897    0.003999    0.003903   -0.000305
   -0.000341   -0.000364    0.000337    0.000395    0.000371    0.000044    0.000103    0.000078    0.000033    0.000069
    0.000092    0.000327    0.000362    0.000386
New cartesian coordinates:
   -0.562309    0.524990    0.000787
    0.562311   -0.525048    0.000762
   -1.938844   -0.153740   -0.002807
    1.938846    0.153684   -0.002821
   -0.474601    1.164767   -0.902796
   -0.477546    1.160769    0.907460
    0.477562   -1.160857    0.907416
    0.474592   -1.164793   -0.902842
   -2.049195   -0.783443   -0.910758
   -2.051623   -0.788166    0.901552
   -2.731644    0.623233   -0.001856
    2.049175    0.783431   -0.910744
    2.731644   -0.623289   -0.001922
    2.051633    0.788064    0.901570
New internal coordinates:
    1.5386    1.5348    1.1106    1.1106    1.5348    1.1106    1.1106    1.1104    1.1104    1.1101
    1.1104    1.1101    1.1104    1.9324    1.9128    1.9123    1.9324    1.9123    1.9128    1.9004
    1.9002    1.9197    1.9197    1.9082    1.9054    1.9002    1.9004    1.9196    1.9082    1.9197
    1.9054    1.9090    1.9035    1.9036    1.9036    1.9090    1.9036    3.1366   -1.0504    1.0399
    1.0527   -1.0510   -3.1408    1.0399    3.1361   -1.0568   -1.0504    1.0457    3.1361    1.0527
   -3.1408   -1.0510    1.0514   -3.1281   -1.0383    3.1271   -1.0523    1.0374    3.1272    1.0374
   -1.0523    1.0514   -1.0383   -3.1281
New gradient (in internal coordinates):
   -0.006674    0.013176   -0.035072   -0.035429    0.013406   -0.035313   -0.035071   -0.037226   -0.037111   -0.037129
   -0.037233   -0.037303   -0.037040   -0.056606    0.021527    0.016400   -0.056791    0.016569    0.021492    0.011466
    0.010222    0.055265    0.055728    0.058210   -0.002606    0.010089    0.011647    0.054777    0.058059    0.055333
   -0.002602   -0.054156   -0.058555   -0.058374   -0.058240   -0.053712   -0.058085   -0.013529   -0.026134   -0.005984
    0.005755    0.002229    0.003738   -0.005899   -0.018504    0.001646   -0.025962   -0.038568   -0.018417    0.005688
    0.003664    0.002175   -0.006919   -0.003392   -0.004902    0.002514    0.006041    0.004532    0.002571    0.004596
    0.006085   -0.006894   -0.004870   -0.003381
Old energy:    -0.086227 kcal/mol
New energy:    -0.086974 kcal/mol
GRMS:     0.0881

*****  Optimization step:  10 *****
Search direction vector after cartesian iteration (s_k):
   -0.000001   -0.000003   -0.000001    0.000004   -0.000003    0.000004   -0.000001    0.000002    0.000002    0.000002
    0.000002    0.000002    0.000002    0.000116   -0.000068    0.000202    0.000116    0.000201   -0.000067    0.000018
    0.000021   -0.000249   -0.000233   -0.000186   -0.000297    0.000022    0.000018   -0.000247   -0.000185   -0.000231
   -0.000298    0.000255    0.000213    0.000207    0.000211    0.000253    0.000206    0.003875    0.004104    0.003821
   -0.000385   -0.000394   -0.000391    0.003822    0.004052    0.003769    0.004104    0.004333    0.004051   -0.000374
   -0.000380   -0.000383    0.000385    0.000394    0.000391    0.000051    0.000060    0.000057    0.000039    0.000046
    0.000049    0.000375    0.000382    0.000384
New cartesian coordinates:
   -0.562362    0.524933   -0.000774
    0.562364   -0.524991   -0.000802
   -1.938908   -0.153780   -0.001588
    1.938909    0.153724   -0.001603
   -0.475823    1.163435   -0.905369
   -0.476504    1.162272    0.904705
    0.476520   -1.162364    0.904654
    0.475813   -1.163458   -0.905420
   -2.050060   -0.785006   -0.908386
   -2.050420   -0.786538    0.904097
   -2.731552    0.623354   -0.001096
    2.050045    0.784989   -0.908375
    2.731553   -0.623410   -0.001155
    2.050428    0.786441    0.904111
New internal coordinates:
    1.5386    1.5348    1.1106    1.1106    1.5348    1.1106    1.1106    1.1104    1.1104    1.1101
    1.1104    1.1101    1.1104    1.9325    1.9128    1.9125    1.9325    1.9125    1.9128    1.9004
    1.9003    1.9194    1.9194    1.9080    1.9051    1.9003    1.9004    1.9194    1.9080    1.9194
    1.9051    1.9093    1.9038    1.9038    1.9038    1.9093    1.9038    3.1405   -1.0463    1.0437
    1.0523   -1.0514   -3.1412    1.0437    3.1401   -1.0530   -1.0463    1.0500    3.1401    1.0523
   -3.1412   -1.0514    1.0518   -3.1277   -1.0379    3.1272   -1.0523    1.0375    3.1272    1.0375
   -1.0523    1.0518   -1.0379   -3.1277
New gradient (in internal coordinates):
   -0.005666    0.010699   -0.034193   -0.034387    0.010893   -0.034273   -0.034192   -0.036096   -0.035985   -0.036030
   -0.036106   -0.036200   -0.035918   -0.050880    0.022295    0.018164   -0.051048    0.018304    0.022294    0.010741
    0.008550    0.037780    0.038674    0.045023   -0.008656    0.008429    0.010910    0.037426    0.044903    0.038406
   -0.008673   -0.036252   -0.043311   -0.043209   -0.043092   -0.035937   -0.042991   -0.000520   -0.010466    0.003796
    0.005023    0.001314    0.002831    0.003898   -0.006047    0.008215   -0.010301   -0.020246   -0.005985    0.005017
    0.002802    0.001313   -0.002150    0.001559    0.000042   -0.001402    0.002307    0.000790   -0.001387    0.000828
    0.002316   -0.002142    0.000073    0.001562
Old energy:    -0.086974 kcal/mol
New energy:    -0.087189 kcal/mol
GRMS:     0.0642

*****  Optimization step:  11 *****
Search direction vector after cartesian iteration (s_k):
    0.000001   -0.000011    0.000028    0.000030   -0.000011    0.000030    0.000028    0.000031    0.000031    0.000032
    0.000031    0.000032    0.000031    0.000324   -0.000192   -0.000031    0.000324   -0.000032   -0.000192   -0.000016
    0.000019   -0.000393   -0.000395   -0.000399   -0.000106    0.000021   -0.000018   -0.000390   -0.000398   -0.000392
   -0.000107    0.000365    0.000420    0.000415    0.000418    0.000362    0.000413    0.001573    0.001783    0.001514
   -0.000226   -0.000177   -0.000198    0.001513    0.001723    0.001454    0.001781    0.001991    0.001722   -0.000221
   -0.000193   -0.000173    0.000178    0.000130    0.000150    0.000052    0.000003    0.000024    0.000047    0.000019
   -0.000002    0.000174    0.000146    0.000126
New cartesian coordinates:
   -0.562505    0.524781   -0.001400
    0.562506   -0.524839   -0.001429
   -1.939077   -0.153853   -0.001086
    1.939077    0.153796   -0.001101
   -0.476413    1.162732   -0.906462
   -0.476175    1.162800    0.903592
    0.476188   -1.162894    0.903539
    0.476403   -1.162753   -0.906515
   -2.050262   -0.785680   -0.907499
   -2.049808   -0.785843    0.905270
   -2.731392    0.623661   -0.000822
    2.050251    0.785661   -0.907489
    2.731392   -0.623718   -0.000878
    2.049817    0.785749    0.905280
New internal coordinates:
    1.5386    1.5348    1.1106    1.1106    1.5348    1.1106    1.1106    1.1105    1.1105    1.1101
    1.1105    1.1101    1.1105    1.9328    1.9126    1.9125    1.9328    1.9125    1.9126    1.9004
    1.9003    1.9190    1.9190    1.9076    1.9050    1.9003    1.9004    1.9190    1.9076    1.9190
    1.9050    1.9097    1.9042    1.9042    1.9042    1.9097    1.9042   -3.1411   -1.0446    1.0452
    1.0521   -1.0516   -3.1414    1.0452   -3.1414   -1.0516   -1.0446    1.0520   -3.1414    1.0521
   -3.1414   -1.0516    1.0520   -3.1276   -1.0378    3.1272   -1.0523    1.0375    3.1272    1.0375
   -1.0523    1.0520   -1.0378   -3.1276
New gradient (in internal coordinates):
   -0.002176    0.003719   -0.013678   -0.013664    0.003788   -0.013619   -0.013678   -0.014339   -0.014278   -0.014318
   -0.014344   -0.014386   -0.014252   -0.019525    0.011208    0.008826   -0.019588    0.008868    0.011227    0.003424
    0.001145    0.010317    0.011133    0.015650   -0.005071    0.001077    0.003505    0.010207    0.015604    0.011066
   -0.005083   -0.008889   -0.014314   -0.014269   -0.014256   -0.008796   -0.014195    0.004038   -0.001270    0.004814
    0.003453    0.000836    0.001867    0.004888   -0.000420    0.005665   -0.001174   -0.006482   -0.000397    0.003482
    0.001872    0.000862    0.000481    0.003098    0.002067   -0.002983   -0.000366   -0.001398   -0.002983   -0.001373
   -0.000363    0.000488    0.002099    0.003108
Old energy:    -0.087189 kcal/mol
New energy:    -0.087115 kcal/mol
GRMS:     0.0230

*****  Optimization step:  12 *****
Search direction vector after cartesian iteration (s_k):
    0.000001   -0.000006    0.000017    0.000017   -0.000006    0.000017    0.000017    0.000018    0.000018    0.000018
    0.000018    0.000018    0.000018    0.000160   -0.000121   -0.000087    0.000160   -0.000087   -0.000121   -0.000007
    0.000030   -0.000152   -0.000161   -0.000183    0.000024    0.000031   -0.000008   -0.000150   -0.000183   -0.000160
    0.000024    0.000124    0.000190    0.000187    0.000189    0.000122    0.000186   -0.000161   -0.000078   -0.000175
   -0.000049   -0.000004   -0.000023   -0.000176   -0.000093   -0.000190   -0.000079    0.000005   -0.000093   -0.000050
   -0.000023   -0.000005   -0.000005   -0.000050   -0.000032    0.000038   -0.000007    0.000011    0.000038    0.000011
   -0.000007   -0.000005   -0.000032   -0.000050
New cartesian coordinates:
   -0.562575    0.524707   -0.001328
    0.562575   -0.524764   -0.001357
   -1.939161   -0.153887   -0.001130
    1.939161    0.153830   -0.001145
   -0.476400    1.162672   -0.906393
   -0.476251    1.162699    0.903704
    0.476261   -1.162792    0.903651
    0.476390   -1.162693   -0.906446
   -2.050140   -0.785664   -0.907625
   -2.049798   -0.785887    0.905252
   -2.731325    0.623807   -0.000887
    2.050130    0.785645   -0.907615
    2.731325   -0.623864   -0.000944
    2.049809    0.785792    0.905262
New internal coordinates:
    1.5386    1.5348    1.1107    1.1107    1.5348    1.1107    1.1107    1.1105    1.1105    1.1101
    1.1105    1.1101    1.1105    1.9330    1.9124    1.9124    1.9330    1.9124    1.9124    1.9004
    1.9003    1.9189    1.9189    1.9074    1.9050    1.9003    1.9004    1.9189    1.9074    1.9189
    1.9050    1.9098    1.9044    1.9044    1.9044    1.9098    1.9044   -3.1413   -1.0446    1.0451
    1.0520   -1.0516   -3.1414    1.0451   -3.1414   -1.0517   -1.0446    1.0520   -3.1414    1.0520
   -3.1414   -1.0516    1.0519   -3.1276   -1.0378    3.1273   -1.0523    1.0375    3.1273    1.0375
   -1.0523    1.0520   -1.0378   -3.1276
New gradient (in internal coordinates):
   -0.000578    0.000298   -0.001785   -0.001726    0.000304   -0.001720   -0.001785   -0.001813   -0.001783   -0.001796
   -0.001814   -0.001805   -0.001779   -0.002511    0.003591    0.002224   -0.002518    0.002218    0.003611   -0.000237
   -0.001982   -0.000210    0.000323    0.001847   -0.001131   -0.002015   -0.000208   -0.000218    0.001839    0.000331
   -0.001134    0.001200   -0.001611   -0.001576   -0.001616    0.001203   -0.001566    0.002740    0.000079    0.002260
    0.002339    0.000781    0.001376    0.002304   -0.000357    0.001824    0.000128   -0.002533   -0.000352    0.002367
    0.001388    0.000805    0.000391    0.001948    0.001353   -0.002259   -0.000701   -0.001296   -0.002254   -0.001275
   -0.000692    0.000401    0.001381    0.001963
Old energy:    -0.087115 kcal/mol
New energy:    -0.087314 kcal/mol
GRMS:     0.0058

*****  Optimization step:  13 *****
Search direction vector after cartesian iteration (s_k):
    0.000001   -0.000001    0.000003    0.000003   -0.000001    0.000003    0.000003    0.000003    0.000003    0.000003
    0.000003    0.000003    0.000003    0.000027   -0.000045   -0.000033    0.000027   -0.000033   -0.000045    0.000004
    0.000029   -0.000013   -0.000019   -0.000028    0.000018    0.000029    0.000004   -0.000013   -0.000028   -0.000019
    0.000018   -0.000003    0.000032    0.000031    0.000032   -0.000003    0.000031   -0.000191   -0.000158   -0.000184
   -0.000020    0.000003   -0.000006   -0.000184   -0.000152   -0.000177   -0.000159   -0.000127   -0.000152   -0.000021
   -0.000007    0.000002   -0.000015   -0.000038   -0.000029    0.000026    0.000003    0.000012    0.000027    0.000012
    0.000003   -0.000015   -0.000029   -0.000038
New cartesian coordinates:
   -0.562588    0.524695   -0.001248
    0.562588   -0.524752   -0.001276
   -1.939175   -0.153893   -0.001185
    1.939175    0.153836   -0.001201
   -0.476332    1.162696   -0.906283
   -0.476287    1.162629    0.903831
    0.476297   -1.162722    0.903778
    0.476321   -1.162717   -0.906336
   -2.050077   -0.785622   -0.907728
   -2.049855   -0.785955    0.905153
   -2.731317    0.623828   -0.000947
    2.050067    0.785603   -0.907718
    2.731317   -0.623885   -0.001004
    2.049865    0.785860    0.905163
New internal coordinates:
    1.5386    1.5348    1.1107    1.1107    1.5348    1.1107    1.1107    1.1105    1.1105    1.1101
    1.1105    1.1101    1.1105    1.9330    1.9124    1.9124    1.9330    1.9124    1.9124    1.9004
    1.9003    1.9188    1.9189    1.9074    1.9050    1.9003    1.9004    1.9188    1.9074    1.9189
    1.9050    1.9098    1.9044    1.9044    1.9044    1.9098    1.9044   -3.1415   -1.0448    1.0449
    1.0520   -1.0516   -3.1414    1.0449    3.1416   -1.0519   -1.0448    1.0519    3.1416    1.0520
   -3.1414   -1.0516    1.0519   -3.1277   -1.0379    3.1273   -1.0523    1.0375    3.1273    1.0375
   -1.0523    1.0519   -1.0378   -3.1277
New gradient (in internal coordinates):
   -0.000288   -0.000223    0.000417    0.000467   -0.000226    0.000465    0.000416    0.000477    0.000498    0.000495
    0.000477    0.000497    0.000497    0.000519    0.001349    0.000420    0.000521    0.000406    0.001365   -0.000491
   -0.001752   -0.001051   -0.000698   -0.000453   -0.000076   -0.001772   -0.000476   -0.001047   -0.000454   -0.000685
   -0.000076    0.001681    0.000252    0.000283    0.000241    0.001675    0.000283    0.001602   -0.000008    0.000984
    0.001738    0.000766    0.001125    0.001014   -0.000595    0.000397    0.000024   -0.001586   -0.000594    0.001758
    0.001135    0.000783   -0.000063    0.000909    0.000550   -0.001454   -0.000482   -0.000842   -0.001447   -0.000823
   -0.000472   -0.000052    0.000571    0.000923
Old energy:    -0.087314 kcal/mol
New energy:    -0.087483 kcal/mol
GRMS:     0.0029

*****  Optimization step:  14 *****
Search direction vector after cartesian iteration (s_k):
    0.000001    0.000000    0.000000    0.000000    0.000000    0.000000    0.000000    0.000000    0.000000    0.000000
    0.000000    0.000000    0.000000    0.000003   -0.000029   -0.000013    0.000003   -0.000013   -0.000029    0.000005
    0.000028    0.000005    0.000001   -0.000001    0.000007    0.000028    0.000004    0.000005   -0.000001    0.000001
    0.000007   -0.000018    0.000007    0.000006    0.000007   -0.000018    0.000006   -0.000076   -0.000047   -0.000064
   -0.000029   -0.000011   -0.000018   -0.000065   -0.000036   -0.000054   -0.000047   -0.000019   -0.000036   -0.000030
   -0.000018   -0.000011   -0.000001   -0.000020   -0.000013    0.000026    0.000007    0.000014    0.000026    0.000014
    0.000007   -0.000002   -0.000013   -0.000020
New cartesian coordinates:
   -0.562590    0.524693   -0.001214
    0.562590   -0.524750   -0.001242
   -1.939177   -0.153895   -0.001205
    1.939177    0.153837   -0.001221
   -0.476293    1.162697   -0.906244
   -0.476285    1.162614    0.903875
    0.476295   -1.162707    0.903822
    0.476283   -1.162717   -0.906297
   -2.050050   -0.785624   -0.907752
   -2.049885   -0.785972    0.905118
   -2.731318    0.623828   -0.000985
    2.050039    0.785604   -0.907742
    2.731318   -0.623886   -0.001042
    2.049896    0.785877    0.905128
New internal coordinates:
    1.5386    1.5348    1.1107    1.1107    1.5348    1.1107    1.1107    1.1105    1.1105    1.1101
    1.1105    1.1101    1.1105    1.9330    1.9124    1.9123    1.9330    1.9123    1.9124    1.9004
    1.9004    1.9189    1.9189    1.9074    1.9050    1.9004    1.9004    1.9189    1.9074    1.9189
    1.9050    1.9098    1.9044    1.9044    1.9044    1.9098    1.9044   -3.1416   -1.0448    1.0448
    1.0520   -1.0516   -3.1414    1.0448    3.1415   -1.0520   -1.0448    1.0519    3.1415    1.0520
   -3.1414   -1.0516    1.0519   -3.1277   -1.0379    3.1273   -1.0523    1.0375    3.1273    1.0375
   -1.0523    1.0519   -1.0379   -3.1277
New gradient (in internal coordinates):
   -0.000114   -0.000218    0.000653    0.000685   -0.000221    0.000683    0.000653    0.000701    0.000715    0.000715
    0.000701    0.000719    0.000714    0.000857    0.000316   -0.000247    0.000860   -0.000259    0.000328   -0.000158
   -0.000954   -0.000635   -0.000421   -0.000766    0.000174   -0.000964   -0.000151   -0.000632   -0.000765   -0.000413
    0.000174    0.000938    0.000437    0.000458    0.000431    0.000934    0.000457    0.000879    0.000057    0.000313
    0.001202    0.000710    0.000878    0.000332   -0.000490   -0.000235    0.000076   -0.000746   -0.000491    0.001214
    0.000884    0.000720   -0.000381    0.000111   -0.000057   -0.000817   -0.000324   -0.000492   -0.000809   -0.000479
   -0.000315   -0.000372   -0.000042    0.000122
Old energy:    -0.087483 kcal/mol
New energy:    -0.087515 kcal/mol
GRMS:     0.0014

*****  Optimization step:  15 *****
Search direction vector after cartesian iteration (s_k):
    0.000001    0.000000   -0.000000   -0.000001    0.000000   -0.000001   -0.000000   -0.000001   -0.000001   -0.000001
   -0.000001   -0.000001   -0.000001   -0.000003   -0.000024   -0.000003   -0.000003   -0.000003   -0.000025    0.000002
    0.000028    0.000008    0.000003    0.000007    0.000002    0.000028    0.000002    0.000008    0.000007    0.000003
    0.000002   -0.000020    0.000001   -0.000000    0.000002   -0.000020   -0.000000   -0.000024    0.000007   -0.000009
   -0.000040   -0.000023   -0.000029   -0.000009    0.000022    0.000007    0.000006    0.000037    0.000022   -0.000041
   -0.000029   -0.000023    0.000010   -0.000008   -0.000002    0.000029    0.000011    0.000018    0.000029    0.000017
    0.000011    0.000009   -0.000002   -0.000008
New cartesian coordinates:
   -0.562589    0.524695   -0.001200
    0.562589   -0.524752   -0.001228
   -1.939176   -0.153894   -0.001209
    1.939176    0.153836   -0.001224
   -0.476271    1.162682   -0.906240
   -0.476269    1.162625    0.903879
    0.476279   -1.162719    0.903827
    0.476261   -1.162702   -0.906292
   -2.050033   -0.785650   -0.907737
   -2.049904   -0.785961    0.905118
   -2.731323    0.623823   -0.001019
    2.050023    0.785631   -0.907728
    2.731323   -0.623880   -0.001076
    2.049915    0.785866    0.905128
New internal coordinates:
    1.5386    1.5348    1.1107    1.1107    1.5348    1.1107    1.1107    1.1105    1.1105    1.1101
    1.1105    1.1101    1.1105    1.9330    1.9123    1.9123    1.9330    1.9123    1.9123    1.9004
    1.9004    1.9189    1.9189    1.9074    1.9050    1.9004    1.9004    1.9189    1.9074    1.9189
    1.9050    1.9097    1.9044    1.9044    1.9044    1.9097    1.9044    3.1416   -1.0448    1.0448
    1.0519   -1.0516   -3.1414    1.0448    3.1416   -1.0520   -1.0448    1.0519    3.1416    1.0519
   -3.1414   -1.0516    1.0519   -3.1277   -1.0379    3.1274   -1.0523    1.0376    3.1274    1.0376
   -1.0523    1.0519   -1.0379   -3.1277
New gradient (in internal coordinates):
    0.000048   -0.000072    0.000314    0.000326   -0.000074    0.000325    0.000314    0.000324    0.000331    0.000331
    0.000324    0.000333    0.000331    0.000431   -0.000320   -0.000491    0.000432   -0.000499   -0.000314    0.000258
   -0.000020   -0.000029    0.000053   -0.000490    0.000147   -0.000022    0.000260   -0.000029   -0.000488    0.000054
    0.000148    0.000006    0.000230    0.000233    0.000228    0.000006    0.000233    0.000277    0.000201   -0.000116
    0.000625    0.000602    0.000587   -0.000109   -0.000185   -0.000502    0.000207    0.000131   -0.000186    0.000628
    0.000589    0.000605   -0.000588   -0.000565   -0.000549   -0.000272   -0.000249   -0.000234   -0.000266   -0.000226
   -0.000243   -0.000582   -0.000542   -0.000559
Old energy:    -0.087515 kcal/mol
New energy:    -0.087524 kcal/mol
GRMS:     0.0010

